{"C:\\Users\\PC\\Desktop\\code\\fpt\\new\\fpt-manage-fresher\\src\\components\\Audit\\Schedule\\Detail\\Detail.js": {"path":"C:\\Users\\PC\\Desktop\\code\\fpt\\new\\fpt-manage-fresher\\src\\components\\Audit\\Schedule\\Detail\\Detail.js","statementMap":{"0":{"start":{"line":14,"column":18},"end":{"line":51,"column":3}},"1":{"start":{"line":15,"column":10},"end":{"line":49,"column":9}},"2":{"start":{"line":19,"column":22},"end":{"line":19,"column":26}},"3":{"start":{"line":24,"column":22},"end":{"line":24,"column":26}},"4":{"start":{"line":29,"column":22},"end":{"line":29,"column":26}},"5":{"start":{"line":35,"column":22},"end":{"line":35,"column":26}},"6":{"start":{"line":37,"column":8},"end":{"line":46,"column":14}},"7":{"start":{"line":39,"column":29},"end":{"line":39,"column":56}},"8":{"start":{"line":53,"column":26},"end":{"line":53,"column":44}},"9":{"start":{"line":56,"column":36},"end":{"line":56,"column":54}},"10":{"start":{"line":59,"column":38},"end":{"line":59,"column":59}},"11":{"start":{"line":60,"column":22},"end":{"line":60,"column":42}},"12":{"start":{"line":61,"column":46},"end":{"line":61,"column":64}},"13":{"start":{"line":62,"column":42},"end":{"line":62,"column":60}},"14":{"start":{"line":63,"column":38},"end":{"line":63,"column":56}},"15":{"start":{"line":64,"column":42},"end":{"line":64,"column":60}},"16":{"start":{"line":65,"column":40},"end":{"line":65,"column":58}},"17":{"start":{"line":66,"column":42},"end":{"line":66,"column":60}},"18":{"start":{"line":70,"column":17},"end":{"line":70,"column":27}},"19":{"start":{"line":71,"column":4},"end":{"line":71,"column":18}},"20":{"start":{"line":74,"column":2},"end":{"line":76,"column":7}},"21":{"start":{"line":75,"column":4},"end":{"line":75,"column":17}},"22":{"start":{"line":80,"column":30},"end":{"line":80,"column":51}},"23":{"start":{"line":82,"column":20},"end":{"line":85,"column":3}},"24":{"start":{"line":83,"column":4},"end":{"line":83,"column":21}},"25":{"start":{"line":84,"column":4},"end":{"line":84,"column":20}},"26":{"start":{"line":88,"column":24},"end":{"line":96,"column":3}},"27":{"start":{"line":89,"column":4},"end":{"line":89,"column":24}},"28":{"start":{"line":91,"column":4},"end":{"line":91,"column":25}},"29":{"start":{"line":92,"column":4},"end":{"line":92,"column":23}},"30":{"start":{"line":93,"column":4},"end":{"line":93,"column":21}},"31":{"start":{"line":94,"column":4},"end":{"line":94,"column":22}},"32":{"start":{"line":95,"column":4},"end":{"line":95,"column":23}},"33":{"start":{"line":98,"column":23},"end":{"line":112,"column":3}},"34":{"start":{"line":99,"column":15},"end":{"line":104,"column":31}},"35":{"start":{"line":105,"column":4},"end":{"line":105,"column":24}},"36":{"start":{"line":106,"column":4},"end":{"line":106,"column":15}},"37":{"start":{"line":107,"column":4},"end":{"line":107,"column":25}},"38":{"start":{"line":108,"column":4},"end":{"line":108,"column":23}},"39":{"start":{"line":109,"column":4},"end":{"line":109,"column":21}},"40":{"start":{"line":110,"column":4},"end":{"line":110,"column":22}},"41":{"start":{"line":111,"column":4},"end":{"line":111,"column":23}},"42":{"start":{"line":115,"column":35},"end":{"line":115,"column":56}},"43":{"start":{"line":116,"column":24},"end":{"line":122,"column":3}},"44":{"start":{"line":117,"column":6},"end":{"line":117,"column":23}},"45":{"start":{"line":118,"column":6},"end":{"line":118,"column":35}},"46":{"start":{"line":119,"column":20},"end":{"line":119,"column":50}},"47":{"start":{"line":120,"column":6},"end":{"line":120,"column":18}},"48":{"start":{"line":123,"column":22},"end":{"line":131,"column":3}},"49":{"start":{"line":124,"column":6},"end":{"line":124,"column":24}},"50":{"start":{"line":125,"column":6},"end":{"line":125,"column":17}},"51":{"start":{"line":126,"column":6},"end":{"line":126,"column":27}},"52":{"start":{"line":127,"column":6},"end":{"line":127,"column":25}},"53":{"start":{"line":128,"column":6},"end":{"line":128,"column":23}},"54":{"start":{"line":129,"column":6},"end":{"line":129,"column":24}},"55":{"start":{"line":130,"column":6},"end":{"line":130,"column":25}},"56":{"start":{"line":134,"column":15},"end":{"line":139,"column":27}},"57":{"start":{"line":140,"column":4},"end":{"line":140,"column":22}},"58":{"start":{"line":141,"column":4},"end":{"line":141,"column":15}},"59":{"start":{"line":142,"column":4},"end":{"line":142,"column":25}},"60":{"start":{"line":143,"column":4},"end":{"line":143,"column":23}},"61":{"start":{"line":144,"column":4},"end":{"line":144,"column":21}},"62":{"start":{"line":145,"column":4},"end":{"line":145,"column":22}},"63":{"start":{"line":146,"column":4},"end":{"line":146,"column":23}},"64":{"start":{"line":149,"column":41},"end":{"line":149,"column":62}},"65":{"start":{"line":150,"column":27},"end":{"line":157,"column":3}},"66":{"start":{"line":151,"column":6},"end":{"line":156,"column":7}},"67":{"start":{"line":152,"column":10},"end":{"line":152,"column":30}},"68":{"start":{"line":155,"column":10},"end":{"line":155,"column":52}},"69":{"start":{"line":158,"column":25},"end":{"line":166,"column":3}},"70":{"start":{"line":159,"column":6},"end":{"line":159,"column":27}},"71":{"start":{"line":160,"column":6},"end":{"line":160,"column":17}},"72":{"start":{"line":161,"column":6},"end":{"line":161,"column":27}},"73":{"start":{"line":162,"column":6},"end":{"line":162,"column":25}},"74":{"start":{"line":163,"column":6},"end":{"line":163,"column":23}},"75":{"start":{"line":164,"column":6},"end":{"line":164,"column":24}},"76":{"start":{"line":165,"column":6},"end":{"line":165,"column":25}},"77":{"start":{"line":168,"column":59},"end":{"line":168,"column":80}},"78":{"start":{"line":170,"column":34},"end":{"line":174,"column":4}},"79":{"start":{"line":171,"column":8},"end":{"line":171,"column":38}},"80":{"start":{"line":172,"column":8},"end":{"line":172,"column":24}},"81":{"start":{"line":173,"column":8},"end":{"line":173,"column":19}},"82":{"start":{"line":177,"column":4},"end":{"line":177,"column":34}},"83":{"start":{"line":178,"column":4},"end":{"line":178,"column":15}},"84":{"start":{"line":179,"column":4},"end":{"line":179,"column":20}},"85":{"start":{"line":182,"column":2},"end":{"line":230,"column":4}}},"fnMap":{"0":{"name":"Detail","decl":{"start":{"line":12,"column":9},"end":{"line":12,"column":15}},"loc":{"start":{"line":12,"column":18},"end":{"line":231,"column":1}},"line":12},"1":{"name":"(anonymous_1)","decl":{"start":{"line":15,"column":4},"end":{"line":15,"column":5}},"loc":{"start":{"line":15,"column":10},"end":{"line":49,"column":9}},"line":15},"2":{"name":"(anonymous_2)","decl":{"start":{"line":19,"column":16},"end":{"line":19,"column":17}},"loc":{"start":{"line":19,"column":22},"end":{"line":19,"column":26}},"line":19},"3":{"name":"(anonymous_3)","decl":{"start":{"line":24,"column":16},"end":{"line":24,"column":17}},"loc":{"start":{"line":24,"column":22},"end":{"line":24,"column":26}},"line":24},"4":{"name":"(anonymous_4)","decl":{"start":{"line":29,"column":16},"end":{"line":29,"column":17}},"loc":{"start":{"line":29,"column":22},"end":{"line":29,"column":26}},"line":29},"5":{"name":"(anonymous_5)","decl":{"start":{"line":35,"column":16},"end":{"line":35,"column":17}},"loc":{"start":{"line":35,"column":22},"end":{"line":35,"column":26}},"line":35},"6":{"name":"(anonymous_6)","decl":{"start":{"line":36,"column":14},"end":{"line":36,"column":15}},"loc":{"start":{"line":37,"column":8},"end":{"line":46,"column":14}},"line":37},"7":{"name":"(anonymous_7)","decl":{"start":{"line":39,"column":25},"end":{"line":39,"column":26}},"loc":{"start":{"line":39,"column":29},"end":{"line":39,"column":56}},"line":39},"8":{"name":"getResource","decl":{"start":{"line":69,"column":11},"end":{"line":69,"column":22}},"loc":{"start":{"line":69,"column":25},"end":{"line":72,"column":3}},"line":69},"9":{"name":"(anonymous_9)","decl":{"start":{"line":74,"column":12},"end":{"line":74,"column":13}},"loc":{"start":{"line":74,"column":18},"end":{"line":76,"column":3}},"line":74},"10":{"name":"(anonymous_10)","decl":{"start":{"line":82,"column":20},"end":{"line":82,"column":21}},"loc":{"start":{"line":82,"column":26},"end":{"line":85,"column":3}},"line":82},"11":{"name":"(anonymous_11)","decl":{"start":{"line":88,"column":24},"end":{"line":88,"column":25}},"loc":{"start":{"line":88,"column":30},"end":{"line":96,"column":3}},"line":88},"12":{"name":"(anonymous_12)","decl":{"start":{"line":98,"column":23},"end":{"line":98,"column":24}},"loc":{"start":{"line":98,"column":29},"end":{"line":112,"column":3}},"line":98},"13":{"name":"(anonymous_13)","decl":{"start":{"line":116,"column":24},"end":{"line":116,"column":25}},"loc":{"start":{"line":116,"column":30},"end":{"line":122,"column":3}},"line":116},"14":{"name":"(anonymous_14)","decl":{"start":{"line":123,"column":22},"end":{"line":123,"column":23}},"loc":{"start":{"line":123,"column":28},"end":{"line":131,"column":3}},"line":123},"15":{"name":"onSubmitAdd","decl":{"start":{"line":133,"column":11},"end":{"line":133,"column":22}},"loc":{"start":{"line":133,"column":24},"end":{"line":147,"column":3}},"line":133},"16":{"name":"(anonymous_16)","decl":{"start":{"line":150,"column":27},"end":{"line":150,"column":28}},"loc":{"start":{"line":150,"column":33},"end":{"line":157,"column":3}},"line":150},"17":{"name":"(anonymous_17)","decl":{"start":{"line":158,"column":25},"end":{"line":158,"column":26}},"loc":{"start":{"line":158,"column":31},"end":{"line":166,"column":3}},"line":158},"18":{"name":"(anonymous_18)","decl":{"start":{"line":170,"column":34},"end":{"line":170,"column":35}},"loc":{"start":{"line":170,"column":39},"end":{"line":174,"column":4}},"line":170},"19":{"name":"onSumbitDeleteRow","decl":{"start":{"line":176,"column":12},"end":{"line":176,"column":29}},"loc":{"start":{"line":176,"column":31},"end":{"line":180,"column":4}},"line":176}},"branchMap":{"0":{"loc":{"start":{"line":40,"column":25},"end":{"line":40,"column":70}},"type":"cond-expr","locations":[{"start":{"line":40,"column":49},"end":{"line":40,"column":58}},{"start":{"line":40,"column":61},"end":{"line":40,"column":70}}],"line":40},"1":{"loc":{"start":{"line":151,"column":6},"end":{"line":156,"column":7}},"type":"if","locations":[{"start":{"line":151,"column":6},"end":{"line":156,"column":7}},{"start":{"line":154,"column":10},"end":{"line":156,"column":7}}],"line":151}},"s":{"0":1,"1":1,"2":0,"3":0,"4":0,"5":0,"6":0,"7":0,"8":1,"9":1,"10":1,"11":1,"12":1,"13":1,"14":1,"15":1,"16":1,"17":1,"18":0,"19":0,"20":1,"21":0,"22":1,"23":1,"24":0,"25":0,"26":1,"27":0,"28":0,"29":0,"30":0,"31":0,"32":0,"33":1,"34":0,"35":0,"36":0,"37":0,"38":0,"39":0,"40":0,"41":0,"42":1,"43":1,"44":0,"45":0,"46":0,"47":0,"48":1,"49":0,"50":0,"51":0,"52":0,"53":0,"54":0,"55":0,"56":0,"57":0,"58":0,"59":0,"60":0,"61":0,"62":0,"63":0,"64":1,"65":1,"66":0,"67":0,"68":0,"69":1,"70":0,"71":0,"72":0,"73":0,"74":0,"75":0,"76":0,"77":1,"78":1,"79":0,"80":0,"81":0,"82":0,"83":0,"84":0,"85":1},"f":{"0":1,"1":1,"2":0,"3":0,"4":0,"5":0,"6":0,"7":0,"8":0,"9":0,"10":0,"11":0,"12":0,"13":0,"14":0,"15":0,"16":0,"17":0,"18":0,"19":0},"b":{"0":[0,0],"1":[0,0]},"_coverageSchema":"1a1c01bbd47fc00a2c39e90264f33305004495a9","hash":"0f2a0454ca67a514a7fabe24c27688b9a7445772"}
,"C:\\Users\\PC\\Desktop\\code\\fpt\\new\\fpt-manage-fresher\\src\\components\\Audit\\Schedule\\Detail\\TableDetail.js": {"path":"C:\\Users\\PC\\Desktop\\code\\fpt\\new\\fpt-manage-fresher\\src\\components\\Audit\\Schedule\\Detail\\TableDetail.js","statementMap":{"0":{"start":{"line":17,"column":16},"end":{"line":17,"column":38}},"1":{"start":{"line":19,"column":2},"end":{"line":31,"column":4}},"2":{"start":{"line":22,"column":24},"end":{"line":22,"column":43}},"3":{"start":{"line":26,"column":10},"end":{"line":26,"column":49}},"4":{"start":{"line":37,"column":18},"end":{"line":43,"column":27}},"5":{"start":{"line":38,"column":20},"end":{"line":38,"column":29}},"6":{"start":{"line":39,"column":4},"end":{"line":41,"column":7}},"7":{"start":{"line":40,"column":6},"end":{"line":40,"column":34}},"8":{"start":{"line":42,"column":4},"end":{"line":42,"column":33}},"9":{"start":{"line":46,"column":2},"end":{"line":62,"column":4}},"10":{"start":{"line":50,"column":22},"end":{"line":50,"column":41}},"11":{"start":{"line":52,"column":8},"end":{"line":52,"column":47}},"12":{"start":{"line":57,"column":8},"end":{"line":59,"column":17}},"13":{"start":{"line":67,"column":2},"end":{"line":67,"column":77}},"14":{"start":{"line":67,"column":58},"end":{"line":67,"column":72}},"15":{"start":{"line":69,"column":0},"end":{"line":69,"column":45}},"16":{"start":{"line":69,"column":40},"end":{"line":69,"column":44}},"17":{"start":{"line":72,"column":30},"end":{"line":87,"column":3}},"18":{"start":{"line":74,"column":25},"end":{"line":74,"column":39}},"19":{"start":{"line":75,"column":26},"end":{"line":75,"column":43}},"20":{"start":{"line":77,"column":6},"end":{"line":79,"column":39}},"21":{"start":{"line":78,"column":8},"end":{"line":78,"column":58}},"22":{"start":{"line":81,"column":6},"end":{"line":85,"column":8}},"23":{"start":{"line":90,"column":20},"end":{"line":90,"column":35}},"24":{"start":{"line":91,"column":2},"end":{"line":91,"column":49}},"25":{"start":{"line":91,"column":37},"end":{"line":91,"column":48}},"26":{"start":{"line":92,"column":2},"end":{"line":92,"column":56}},"27":{"start":{"line":92,"column":44},"end":{"line":92,"column":55}},"28":{"start":{"line":93,"column":24},"end":{"line":98,"column":3}},"29":{"start":{"line":94,"column":11},"end":{"line":96,"column":5}},"30":{"start":{"line":100,"column":2},"end":{"line":136,"column":21}},"31":{"start":{"line":100,"column":7},"end":{"line":134,"column":4}},"32":{"start":{"line":112,"column":6},"end":{"line":132,"column":9}},"33":{"start":{"line":112,"column":45},"end":{"line":132,"column":7}},"34":{"start":{"line":119,"column":12},"end":{"line":121,"column":18}},"35":{"start":{"line":126,"column":12},"end":{"line":128,"column":18}},"36":{"start":{"line":136,"column":8},"end":{"line":136,"column":20}},"37":{"start":{"line":154,"column":6},"end":{"line":154,"column":11}},"38":{"start":{"line":156,"column":4},"end":{"line":158,"column":44}},"39":{"start":{"line":157,"column":8},"end":{"line":157,"column":70}},"40":{"start":{"line":157,"column":52},"end":{"line":157,"column":67}},"41":{"start":{"line":160,"column":2},"end":{"line":301,"column":4}},"42":{"start":{"line":173,"column":29},"end":{"line":173,"column":60}},"43":{"start":{"line":189,"column":12},"end":{"line":215,"column":17}},"44":{"start":{"line":191,"column":16},"end":{"line":213,"column":21}},"45":{"start":{"line":220,"column":12},"end":{"line":220,"column":28}},"46":{"start":{"line":221,"column":12},"end":{"line":229,"column":14}},"47":{"start":{"line":224,"column":18},"end":{"line":226,"column":20}},"48":{"start":{"line":237,"column":25},"end":{"line":237,"column":36}},"49":{"start":{"line":245,"column":25},"end":{"line":245,"column":39}},"50":{"start":{"line":253,"column":25},"end":{"line":253,"column":35}},"51":{"start":{"line":261,"column":25},"end":{"line":261,"column":48}},"52":{"start":{"line":278,"column":25},"end":{"line":278,"column":72}},"53":{"start":{"line":279,"column":12},"end":{"line":279,"column":27}},"54":{"start":{"line":288,"column":14},"end":{"line":288,"column":50}},"55":{"start":{"line":292,"column":14},"end":{"line":294,"column":23}}},"fnMap":{"0":{"name":"DefaultColumnFilter","decl":{"start":{"line":14,"column":9},"end":{"line":14,"column":28}},"loc":{"start":{"line":16,"column":3},"end":{"line":32,"column":1}},"line":16},"1":{"name":"(anonymous_1)","decl":{"start":{"line":22,"column":17},"end":{"line":22,"column":18}},"loc":{"start":{"line":22,"column":24},"end":{"line":22,"column":43}},"line":22},"2":{"name":"(anonymous_2)","decl":{"start":{"line":25,"column":18},"end":{"line":25,"column":19}},"loc":{"start":{"line":25,"column":25},"end":{"line":27,"column":9}},"line":25},"3":{"name":"SelectColumnFilter","decl":{"start":{"line":34,"column":9},"end":{"line":34,"column":27}},"loc":{"start":{"line":36,"column":3},"end":{"line":63,"column":1}},"line":36},"4":{"name":"(anonymous_4)","decl":{"start":{"line":37,"column":32},"end":{"line":37,"column":33}},"loc":{"start":{"line":37,"column":38},"end":{"line":43,"column":3}},"line":37},"5":{"name":"(anonymous_5)","decl":{"start":{"line":39,"column":28},"end":{"line":39,"column":29}},"loc":{"start":{"line":39,"column":37},"end":{"line":41,"column":5}},"line":39},"6":{"name":"(anonymous_6)","decl":{"start":{"line":50,"column":15},"end":{"line":50,"column":16}},"loc":{"start":{"line":50,"column":22},"end":{"line":50,"column":41}},"line":50},"7":{"name":"(anonymous_7)","decl":{"start":{"line":51,"column":16},"end":{"line":51,"column":17}},"loc":{"start":{"line":51,"column":23},"end":{"line":53,"column":7}},"line":51},"8":{"name":"(anonymous_8)","decl":{"start":{"line":56,"column":19},"end":{"line":56,"column":20}},"loc":{"start":{"line":57,"column":8},"end":{"line":59,"column":17}},"line":57},"9":{"name":"fuzzyTextFilterFn","decl":{"start":{"line":66,"column":9},"end":{"line":66,"column":26}},"loc":{"start":{"line":66,"column":50},"end":{"line":68,"column":1}},"line":66},"10":{"name":"(anonymous_10)","decl":{"start":{"line":67,"column":49},"end":{"line":67,"column":50}},"loc":{"start":{"line":67,"column":58},"end":{"line":67,"column":72}},"line":67},"11":{"name":"(anonymous_11)","decl":{"start":{"line":69,"column":31},"end":{"line":69,"column":32}},"loc":{"start":{"line":69,"column":40},"end":{"line":69,"column":44}},"line":69},"12":{"name":"(anonymous_12)","decl":{"start":{"line":73,"column":4},"end":{"line":73,"column":5}},"loc":{"start":{"line":73,"column":41},"end":{"line":86,"column":5}},"line":73},"13":{"name":"(anonymous_13)","decl":{"start":{"line":77,"column":22},"end":{"line":77,"column":23}},"loc":{"start":{"line":77,"column":28},"end":{"line":79,"column":7}},"line":77},"14":{"name":"TableDetail","decl":{"start":{"line":89,"column":9},"end":{"line":89,"column":20}},"loc":{"start":{"line":89,"column":104},"end":{"line":302,"column":1}},"line":89},"15":{"name":"(anonymous_15)","decl":{"start":{"line":94,"column":4},"end":{"line":94,"column":5}},"loc":{"start":{"line":94,"column":11},"end":{"line":96,"column":5}},"line":94},"16":{"name":"(anonymous_16)","decl":{"start":{"line":111,"column":4},"end":{"line":111,"column":5}},"loc":{"start":{"line":111,"column":15},"end":{"line":133,"column":5}},"line":111},"17":{"name":"(anonymous_17)","decl":{"start":{"line":112,"column":32},"end":{"line":112,"column":33}},"loc":{"start":{"line":112,"column":45},"end":{"line":132,"column":7}},"line":112},"18":{"name":"(anonymous_18)","decl":{"start":{"line":118,"column":18},"end":{"line":118,"column":19}},"loc":{"start":{"line":119,"column":12},"end":{"line":121,"column":18}},"line":119},"19":{"name":"(anonymous_19)","decl":{"start":{"line":125,"column":16},"end":{"line":125,"column":17}},"loc":{"start":{"line":126,"column":12},"end":{"line":128,"column":18}},"line":126},"20":{"name":"(anonymous_20)","decl":{"start":{"line":156,"column":14},"end":{"line":156,"column":15}},"loc":{"start":{"line":156,"column":20},"end":{"line":158,"column":5}},"line":156},"21":{"name":"(anonymous_21)","decl":{"start":{"line":157,"column":45},"end":{"line":157,"column":46}},"loc":{"start":{"line":157,"column":52},"end":{"line":157,"column":67}},"line":157},"22":{"name":"(anonymous_22)","decl":{"start":{"line":173,"column":22},"end":{"line":173,"column":23}},"loc":{"start":{"line":173,"column":29},"end":{"line":173,"column":60}},"line":173},"23":{"name":"(anonymous_23)","decl":{"start":{"line":188,"column":28},"end":{"line":188,"column":29}},"loc":{"start":{"line":189,"column":12},"end":{"line":215,"column":17}},"line":189},"24":{"name":"(anonymous_24)","decl":{"start":{"line":190,"column":39},"end":{"line":190,"column":40}},"loc":{"start":{"line":191,"column":16},"end":{"line":213,"column":21}},"line":191},"25":{"name":"(anonymous_25)","decl":{"start":{"line":219,"column":20},"end":{"line":219,"column":21}},"loc":{"start":{"line":219,"column":32},"end":{"line":230,"column":11}},"line":219},"26":{"name":"(anonymous_26)","decl":{"start":{"line":223,"column":31},"end":{"line":223,"column":32}},"loc":{"start":{"line":223,"column":41},"end":{"line":227,"column":17}},"line":223},"27":{"name":"(anonymous_27)","decl":{"start":{"line":237,"column":19},"end":{"line":237,"column":20}},"loc":{"start":{"line":237,"column":25},"end":{"line":237,"column":36}},"line":237},"28":{"name":"(anonymous_28)","decl":{"start":{"line":245,"column":19},"end":{"line":245,"column":20}},"loc":{"start":{"line":245,"column":25},"end":{"line":245,"column":39}},"line":245},"29":{"name":"(anonymous_29)","decl":{"start":{"line":253,"column":19},"end":{"line":253,"column":20}},"loc":{"start":{"line":253,"column":25},"end":{"line":253,"column":35}},"line":253},"30":{"name":"(anonymous_30)","decl":{"start":{"line":261,"column":19},"end":{"line":261,"column":20}},"loc":{"start":{"line":261,"column":25},"end":{"line":261,"column":48}},"line":261},"31":{"name":"(anonymous_31)","decl":{"start":{"line":277,"column":20},"end":{"line":277,"column":21}},"loc":{"start":{"line":277,"column":27},"end":{"line":280,"column":11}},"line":277},"32":{"name":"(anonymous_32)","decl":{"start":{"line":287,"column":22},"end":{"line":287,"column":23}},"loc":{"start":{"line":287,"column":29},"end":{"line":289,"column":13}},"line":287},"33":{"name":"(anonymous_33)","decl":{"start":{"line":291,"column":38},"end":{"line":291,"column":39}},"loc":{"start":{"line":292,"column":14},"end":{"line":294,"column":23}},"line":292}},"branchMap":{"0":{"loc":{"start":{"line":24,"column":15},"end":{"line":24,"column":32}},"type":"binary-expr","locations":[{"start":{"line":24,"column":15},"end":{"line":24,"column":26}},{"start":{"line":24,"column":30},"end":{"line":24,"column":32}}],"line":24},"1":{"loc":{"start":{"line":26,"column":20},"end":{"line":26,"column":47}},"type":"binary-expr","locations":[{"start":{"line":26,"column":20},"end":{"line":26,"column":34}},{"start":{"line":26,"column":38},"end":{"line":26,"column":47}}],"line":26},"2":{"loc":{"start":{"line":52,"column":18},"end":{"line":52,"column":45}},"type":"binary-expr","locations":[{"start":{"line":52,"column":18},"end":{"line":52,"column":32}},{"start":{"line":52,"column":36},"end":{"line":52,"column":45}}],"line":52},"3":{"loc":{"start":{"line":75,"column":26},"end":{"line":75,"column":43}},"type":"binary-expr","locations":[{"start":{"line":75,"column":26},"end":{"line":75,"column":29}},{"start":{"line":75,"column":33},"end":{"line":75,"column":43}}],"line":75},"4":{"loc":{"start":{"line":91,"column":2},"end":{"line":91,"column":49}},"type":"if","locations":[{"start":{"line":91,"column":2},"end":{"line":91,"column":49}},{"start":{},"end":{}}],"line":91},"5":{"loc":{"start":{"line":91,"column":5},"end":{"line":91,"column":35}},"type":"binary-expr","locations":[{"start":{"line":91,"column":5},"end":{"line":91,"column":20}},{"start":{"line":91,"column":24},"end":{"line":91,"column":35}}],"line":91},"6":{"loc":{"start":{"line":92,"column":2},"end":{"line":92,"column":56}},"type":"if","locations":[{"start":{"line":92,"column":2},"end":{"line":92,"column":56}},{"start":{},"end":{}}],"line":92},"7":{"loc":{"start":{"line":92,"column":5},"end":{"line":92,"column":42}},"type":"binary-expr","locations":[{"start":{"line":92,"column":5},"end":{"line":92,"column":23}},{"start":{"line":92,"column":27},"end":{"line":92,"column":42}}],"line":92},"8":{"loc":{"start":{"line":172,"column":19},"end":{"line":172,"column":37}},"type":"binary-expr","locations":[{"start":{"line":172,"column":19},"end":{"line":172,"column":31}},{"start":{"line":172,"column":35},"end":{"line":172,"column":37}}],"line":172},"9":{"loc":{"start":{"line":203,"column":23},"end":{"line":207,"column":28}},"type":"cond-expr","locations":[{"start":{"line":204,"column":26},"end":{"line":206,"column":33}},{"start":{"line":207,"column":26},"end":{"line":207,"column":28}}],"line":203},"10":{"loc":{"start":{"line":204,"column":26},"end":{"line":206,"column":33}},"type":"cond-expr","locations":[{"start":{"line":205,"column":28},"end":{"line":205,"column":33}},{"start":{"line":206,"column":28},"end":{"line":206,"column":33}}],"line":204},"11":{"loc":{"start":{"line":212,"column":24},"end":{"line":212,"column":73}},"type":"cond-expr","locations":[{"start":{"line":212,"column":43},"end":{"line":212,"column":66}},{"start":{"line":212,"column":69},"end":{"line":212,"column":73}}],"line":212},"12":{"loc":{"start":{"line":278,"column":25},"end":{"line":278,"column":72}},"type":"cond-expr","locations":[{"start":{"line":278,"column":42},"end":{"line":278,"column":68}},{"start":{"line":278,"column":71},"end":{"line":278,"column":72}}],"line":278}},"s":{"0":0,"1":0,"2":0,"3":0,"4":0,"5":0,"6":0,"7":0,"8":0,"9":0,"10":0,"11":0,"12":0,"13":0,"14":0,"15":1,"16":0,"17":1,"18":0,"19":0,"20":0,"21":0,"22":0,"23":1,"24":0,"25":0,"26":0,"27":0,"28":0,"29":0,"30":0,"31":0,"32":0,"33":0,"34":0,"35":0,"36":0,"37":0,"38":0,"39":0,"40":0,"41":0,"42":0,"43":0,"44":0,"45":0,"46":0,"47":0,"48":0,"49":0,"50":0,"51":0,"52":0,"53":0,"54":0,"55":0},"f":{"0":0,"1":0,"2":0,"3":0,"4":0,"5":0,"6":0,"7":0,"8":0,"9":0,"10":0,"11":0,"12":0,"13":0,"14":1,"15":0,"16":0,"17":0,"18":0,"19":0,"20":0,"21":0,"22":0,"23":0,"24":0,"25":0,"26":0,"27":0,"28":0,"29":0,"30":0,"31":0,"32":0,"33":0},"b":{"0":[0,0],"1":[0,0],"2":[0,0],"3":[0,0],"4":[0,0],"5":[0,0],"6":[0,0],"7":[0,0],"8":[0,0],"9":[0,0],"10":[0,0],"11":[0,0],"12":[0,0]},"_coverageSchema":"1a1c01bbd47fc00a2c39e90264f33305004495a9","hash":"d6b3cc9e99c1fc5a72869f599dcda0ab99d8dd99"}
,"C:\\Users\\PC\\Desktop\\code\\fpt\\new\\fpt-manage-fresher\\src\\components\\Audit\\Schedule\\Detail\\Evaluate\\Evaluate.js": {"path":"C:\\Users\\PC\\Desktop\\code\\fpt\\new\\fpt-manage-fresher\\src\\components\\Audit\\Schedule\\Detail\\Evaluate\\Evaluate.js","statementMap":{"0":{"start":{"line":15,"column":18},"end":{"line":87,"column":3}},"1":{"start":{"line":16,"column":10},"end":{"line":85,"column":9}},"2":{"start":{"line":20,"column":22},"end":{"line":20,"column":26}},"3":{"start":{"line":23,"column":8},"end":{"line":23,"column":51}},"4":{"start":{"line":31,"column":22},"end":{"line":31,"column":26}},"5":{"start":{"line":37,"column":22},"end":{"line":37,"column":26}},"6":{"start":{"line":42,"column":22},"end":{"line":42,"column":26}},"7":{"start":{"line":44,"column":10},"end":{"line":48,"column":13}},"8":{"start":{"line":55,"column":22},"end":{"line":55,"column":26}},"9":{"start":{"line":57,"column":8},"end":{"line":65,"column":9}},"10":{"start":{"line":62,"column":27},"end":{"line":62,"column":55}},"11":{"start":{"line":71,"column":22},"end":{"line":71,"column":26}},"12":{"start":{"line":73,"column":10},"end":{"line":81,"column":16}},"13":{"start":{"line":75,"column":31},"end":{"line":75,"column":73}},"14":{"start":{"line":89,"column":26},"end":{"line":89,"column":44}},"15":{"start":{"line":92,"column":36},"end":{"line":92,"column":54}},"16":{"start":{"line":95,"column":38},"end":{"line":95,"column":59}},"17":{"start":{"line":96,"column":22},"end":{"line":96,"column":42}},"18":{"start":{"line":97,"column":46},"end":{"line":97,"column":64}},"19":{"start":{"line":98,"column":36},"end":{"line":98,"column":54}},"20":{"start":{"line":99,"column":38},"end":{"line":99,"column":56}},"21":{"start":{"line":100,"column":44},"end":{"line":100,"column":62}},"22":{"start":{"line":101,"column":40},"end":{"line":101,"column":58}},"23":{"start":{"line":102,"column":42},"end":{"line":102,"column":60}},"24":{"start":{"line":106,"column":17},"end":{"line":106,"column":29}},"25":{"start":{"line":107,"column":4},"end":{"line":107,"column":18}},"26":{"start":{"line":110,"column":2},"end":{"line":112,"column":7}},"27":{"start":{"line":111,"column":4},"end":{"line":111,"column":17}},"28":{"start":{"line":116,"column":30},"end":{"line":116,"column":51}},"29":{"start":{"line":118,"column":20},"end":{"line":121,"column":3}},"30":{"start":{"line":119,"column":4},"end":{"line":119,"column":21}},"31":{"start":{"line":120,"column":4},"end":{"line":120,"column":20}},"32":{"start":{"line":122,"column":26},"end":{"line":125,"column":3}},"33":{"start":{"line":123,"column":4},"end":{"line":123,"column":19}},"34":{"start":{"line":124,"column":4},"end":{"line":124,"column":22}},"35":{"start":{"line":128,"column":42},"end":{"line":128,"column":63}},"36":{"start":{"line":130,"column":26},"end":{"line":133,"column":3}},"37":{"start":{"line":131,"column":4},"end":{"line":131,"column":27}},"38":{"start":{"line":132,"column":4},"end":{"line":132,"column":20}},"39":{"start":{"line":134,"column":32},"end":{"line":137,"column":3}},"40":{"start":{"line":135,"column":4},"end":{"line":135,"column":25}},"41":{"start":{"line":136,"column":4},"end":{"line":136,"column":22}},"42":{"start":{"line":141,"column":24},"end":{"line":149,"column":3}},"43":{"start":{"line":142,"column":4},"end":{"line":142,"column":24}},"44":{"start":{"line":144,"column":4},"end":{"line":144,"column":25}},"45":{"start":{"line":145,"column":4},"end":{"line":145,"column":20}},"46":{"start":{"line":146,"column":4},"end":{"line":146,"column":21}},"47":{"start":{"line":147,"column":4},"end":{"line":147,"column":22}},"48":{"start":{"line":148,"column":4},"end":{"line":148,"column":24}},"49":{"start":{"line":151,"column":23},"end":{"line":165,"column":3}},"50":{"start":{"line":152,"column":15},"end":{"line":157,"column":31}},"51":{"start":{"line":158,"column":4},"end":{"line":158,"column":24}},"52":{"start":{"line":159,"column":4},"end":{"line":159,"column":15}},"53":{"start":{"line":160,"column":4},"end":{"line":160,"column":25}},"54":{"start":{"line":161,"column":4},"end":{"line":161,"column":20}},"55":{"start":{"line":162,"column":4},"end":{"line":162,"column":21}},"56":{"start":{"line":163,"column":4},"end":{"line":163,"column":22}},"57":{"start":{"line":164,"column":4},"end":{"line":164,"column":24}},"58":{"start":{"line":167,"column":35},"end":{"line":167,"column":56}},"59":{"start":{"line":168,"column":24},"end":{"line":174,"column":3}},"60":{"start":{"line":169,"column":6},"end":{"line":169,"column":23}},"61":{"start":{"line":170,"column":6},"end":{"line":170,"column":36}},"62":{"start":{"line":171,"column":20},"end":{"line":171,"column":50}},"63":{"start":{"line":172,"column":6},"end":{"line":172,"column":18}},"64":{"start":{"line":175,"column":22},"end":{"line":183,"column":3}},"65":{"start":{"line":176,"column":6},"end":{"line":176,"column":24}},"66":{"start":{"line":177,"column":6},"end":{"line":177,"column":17}},"67":{"start":{"line":178,"column":6},"end":{"line":178,"column":27}},"68":{"start":{"line":179,"column":6},"end":{"line":179,"column":22}},"69":{"start":{"line":180,"column":6},"end":{"line":180,"column":23}},"70":{"start":{"line":181,"column":6},"end":{"line":181,"column":24}},"71":{"start":{"line":182,"column":6},"end":{"line":182,"column":26}},"72":{"start":{"line":186,"column":15},"end":{"line":191,"column":27}},"73":{"start":{"line":192,"column":4},"end":{"line":192,"column":22}},"74":{"start":{"line":193,"column":4},"end":{"line":193,"column":15}},"75":{"start":{"line":194,"column":4},"end":{"line":194,"column":25}},"76":{"start":{"line":195,"column":4},"end":{"line":195,"column":20}},"77":{"start":{"line":196,"column":4},"end":{"line":196,"column":21}},"78":{"start":{"line":197,"column":4},"end":{"line":197,"column":22}},"79":{"start":{"line":198,"column":4},"end":{"line":198,"column":24}},"80":{"start":{"line":201,"column":41},"end":{"line":201,"column":62}},"81":{"start":{"line":202,"column":27},"end":{"line":209,"column":3}},"82":{"start":{"line":203,"column":6},"end":{"line":208,"column":7}},"83":{"start":{"line":204,"column":10},"end":{"line":204,"column":30}},"84":{"start":{"line":207,"column":10},"end":{"line":207,"column":52}},"85":{"start":{"line":211,"column":25},"end":{"line":219,"column":3}},"86":{"start":{"line":212,"column":6},"end":{"line":212,"column":27}},"87":{"start":{"line":213,"column":6},"end":{"line":213,"column":17}},"88":{"start":{"line":214,"column":6},"end":{"line":214,"column":27}},"89":{"start":{"line":215,"column":6},"end":{"line":215,"column":22}},"90":{"start":{"line":216,"column":6},"end":{"line":216,"column":23}},"91":{"start":{"line":217,"column":6},"end":{"line":217,"column":24}},"92":{"start":{"line":218,"column":6},"end":{"line":218,"column":26}},"93":{"start":{"line":221,"column":59},"end":{"line":221,"column":80}},"94":{"start":{"line":223,"column":36},"end":{"line":227,"column":4}},"95":{"start":{"line":224,"column":8},"end":{"line":224,"column":38}},"96":{"start":{"line":225,"column":8},"end":{"line":225,"column":26}},"97":{"start":{"line":226,"column":8},"end":{"line":226,"column":22}},"98":{"start":{"line":229,"column":34},"end":{"line":233,"column":4}},"99":{"start":{"line":230,"column":8},"end":{"line":230,"column":38}},"100":{"start":{"line":231,"column":8},"end":{"line":231,"column":24}},"101":{"start":{"line":232,"column":8},"end":{"line":232,"column":19}},"102":{"start":{"line":236,"column":4},"end":{"line":236,"column":34}},"103":{"start":{"line":237,"column":4},"end":{"line":237,"column":15}},"104":{"start":{"line":238,"column":4},"end":{"line":238,"column":20}},"105":{"start":{"line":241,"column":2},"end":{"line":292,"column":4}}},"fnMap":{"0":{"name":"Evaluate","decl":{"start":{"line":14,"column":9},"end":{"line":14,"column":17}},"loc":{"start":{"line":14,"column":20},"end":{"line":293,"column":1}},"line":14},"1":{"name":"(anonymous_1)","decl":{"start":{"line":16,"column":4},"end":{"line":16,"column":5}},"loc":{"start":{"line":16,"column":10},"end":{"line":85,"column":9}},"line":16},"2":{"name":"(anonymous_2)","decl":{"start":{"line":20,"column":16},"end":{"line":20,"column":17}},"loc":{"start":{"line":20,"column":22},"end":{"line":20,"column":26}},"line":20},"3":{"name":"(anonymous_3)","decl":{"start":{"line":21,"column":14},"end":{"line":21,"column":15}},"loc":{"start":{"line":22,"column":6},"end":{"line":24,"column":7}},"line":22},"4":{"name":"(anonymous_4)","decl":{"start":{"line":31,"column":16},"end":{"line":31,"column":17}},"loc":{"start":{"line":31,"column":22},"end":{"line":31,"column":26}},"line":31},"5":{"name":"(anonymous_5)","decl":{"start":{"line":37,"column":16},"end":{"line":37,"column":17}},"loc":{"start":{"line":37,"column":22},"end":{"line":37,"column":26}},"line":37},"6":{"name":"(anonymous_6)","decl":{"start":{"line":42,"column":16},"end":{"line":42,"column":17}},"loc":{"start":{"line":42,"column":22},"end":{"line":42,"column":26}},"line":42},"7":{"name":"(anonymous_7)","decl":{"start":{"line":43,"column":14},"end":{"line":43,"column":15}},"loc":{"start":{"line":43,"column":21},"end":{"line":49,"column":9}},"line":43},"8":{"name":"(anonymous_8)","decl":{"start":{"line":55,"column":16},"end":{"line":55,"column":17}},"loc":{"start":{"line":55,"column":22},"end":{"line":55,"column":26}},"line":55},"9":{"name":"(anonymous_9)","decl":{"start":{"line":56,"column":12},"end":{"line":56,"column":13}},"loc":{"start":{"line":56,"column":19},"end":{"line":66,"column":7}},"line":56},"10":{"name":"(anonymous_10)","decl":{"start":{"line":62,"column":22},"end":{"line":62,"column":23}},"loc":{"start":{"line":62,"column":27},"end":{"line":62,"column":55}},"line":62},"11":{"name":"(anonymous_11)","decl":{"start":{"line":71,"column":16},"end":{"line":71,"column":17}},"loc":{"start":{"line":71,"column":22},"end":{"line":71,"column":26}},"line":71},"12":{"name":"(anonymous_12)","decl":{"start":{"line":72,"column":14},"end":{"line":72,"column":15}},"loc":{"start":{"line":73,"column":10},"end":{"line":81,"column":16}},"line":73},"13":{"name":"(anonymous_13)","decl":{"start":{"line":75,"column":27},"end":{"line":75,"column":28}},"loc":{"start":{"line":75,"column":31},"end":{"line":75,"column":73}},"line":75},"14":{"name":"getResource","decl":{"start":{"line":105,"column":11},"end":{"line":105,"column":22}},"loc":{"start":{"line":105,"column":25},"end":{"line":108,"column":3}},"line":105},"15":{"name":"(anonymous_15)","decl":{"start":{"line":110,"column":12},"end":{"line":110,"column":13}},"loc":{"start":{"line":110,"column":18},"end":{"line":112,"column":3}},"line":110},"16":{"name":"(anonymous_16)","decl":{"start":{"line":118,"column":20},"end":{"line":118,"column":21}},"loc":{"start":{"line":118,"column":26},"end":{"line":121,"column":3}},"line":118},"17":{"name":"(anonymous_17)","decl":{"start":{"line":122,"column":26},"end":{"line":122,"column":27}},"loc":{"start":{"line":122,"column":36},"end":{"line":125,"column":3}},"line":122},"18":{"name":"(anonymous_18)","decl":{"start":{"line":130,"column":26},"end":{"line":130,"column":27}},"loc":{"start":{"line":130,"column":32},"end":{"line":133,"column":3}},"line":130},"19":{"name":"(anonymous_19)","decl":{"start":{"line":134,"column":32},"end":{"line":134,"column":33}},"loc":{"start":{"line":134,"column":42},"end":{"line":137,"column":3}},"line":134},"20":{"name":"(anonymous_20)","decl":{"start":{"line":141,"column":24},"end":{"line":141,"column":25}},"loc":{"start":{"line":141,"column":30},"end":{"line":149,"column":3}},"line":141},"21":{"name":"(anonymous_21)","decl":{"start":{"line":151,"column":23},"end":{"line":151,"column":24}},"loc":{"start":{"line":151,"column":29},"end":{"line":165,"column":3}},"line":151},"22":{"name":"(anonymous_22)","decl":{"start":{"line":168,"column":24},"end":{"line":168,"column":25}},"loc":{"start":{"line":168,"column":30},"end":{"line":174,"column":3}},"line":168},"23":{"name":"(anonymous_23)","decl":{"start":{"line":175,"column":22},"end":{"line":175,"column":23}},"loc":{"start":{"line":175,"column":28},"end":{"line":183,"column":3}},"line":175},"24":{"name":"onSubmitAdd","decl":{"start":{"line":185,"column":11},"end":{"line":185,"column":22}},"loc":{"start":{"line":185,"column":24},"end":{"line":199,"column":3}},"line":185},"25":{"name":"(anonymous_25)","decl":{"start":{"line":202,"column":27},"end":{"line":202,"column":28}},"loc":{"start":{"line":202,"column":33},"end":{"line":209,"column":3}},"line":202},"26":{"name":"(anonymous_26)","decl":{"start":{"line":211,"column":25},"end":{"line":211,"column":26}},"loc":{"start":{"line":211,"column":31},"end":{"line":219,"column":3}},"line":211},"27":{"name":"(anonymous_27)","decl":{"start":{"line":223,"column":36},"end":{"line":223,"column":37}},"loc":{"start":{"line":223,"column":46},"end":{"line":227,"column":4}},"line":223},"28":{"name":"(anonymous_28)","decl":{"start":{"line":229,"column":34},"end":{"line":229,"column":35}},"loc":{"start":{"line":229,"column":39},"end":{"line":233,"column":4}},"line":229},"29":{"name":"onSumbitDeleteRow","decl":{"start":{"line":235,"column":12},"end":{"line":235,"column":29}},"loc":{"start":{"line":235,"column":31},"end":{"line":239,"column":4}},"line":235}},"branchMap":{"0":{"loc":{"start":{"line":203,"column":6},"end":{"line":208,"column":7}},"type":"if","locations":[{"start":{"line":203,"column":6},"end":{"line":208,"column":7}},{"start":{"line":206,"column":10},"end":{"line":208,"column":7}}],"line":203}},"s":{"0":1,"1":1,"2":0,"3":0,"4":0,"5":0,"6":0,"7":0,"8":0,"9":0,"10":0,"11":0,"12":0,"13":0,"14":1,"15":1,"16":1,"17":1,"18":1,"19":1,"20":1,"21":1,"22":1,"23":1,"24":0,"25":0,"26":1,"27":0,"28":1,"29":1,"30":0,"31":0,"32":1,"33":0,"34":0,"35":1,"36":1,"37":0,"38":0,"39":1,"40":0,"41":0,"42":1,"43":0,"44":0,"45":0,"46":0,"47":0,"48":0,"49":1,"50":0,"51":0,"52":0,"53":0,"54":0,"55":0,"56":0,"57":0,"58":1,"59":1,"60":0,"61":0,"62":0,"63":0,"64":1,"65":0,"66":0,"67":0,"68":0,"69":0,"70":0,"71":0,"72":0,"73":0,"74":0,"75":0,"76":0,"77":0,"78":0,"79":0,"80":1,"81":1,"82":0,"83":0,"84":0,"85":1,"86":0,"87":0,"88":0,"89":0,"90":0,"91":0,"92":0,"93":1,"94":1,"95":0,"96":0,"97":0,"98":1,"99":0,"100":0,"101":0,"102":0,"103":0,"104":0,"105":1},"f":{"0":1,"1":1,"2":0,"3":0,"4":0,"5":0,"6":0,"7":0,"8":0,"9":0,"10":0,"11":0,"12":0,"13":0,"14":0,"15":0,"16":0,"17":0,"18":0,"19":0,"20":0,"21":0,"22":0,"23":0,"24":0,"25":0,"26":0,"27":0,"28":0,"29":0},"b":{"0":[0,0]},"_coverageSchema":"1a1c01bbd47fc00a2c39e90264f33305004495a9","hash":"785dad14bb27947a54813b75b369b4bc55e6b7a4"}
,"C:\\Users\\PC\\Desktop\\code\\fpt\\new\\fpt-manage-fresher\\src\\components\\Audit\\Schedule\\Detail\\Evaluate\\TableEvaluate.js": {"path":"C:\\Users\\PC\\Desktop\\code\\fpt\\new\\fpt-manage-fresher\\src\\components\\Audit\\Schedule\\Detail\\Evaluate\\TableEvaluate.js","statementMap":{"0":{"start":{"line":16,"column":16},"end":{"line":16,"column":38}},"1":{"start":{"line":18,"column":2},"end":{"line":30,"column":4}},"2":{"start":{"line":21,"column":24},"end":{"line":21,"column":43}},"3":{"start":{"line":25,"column":10},"end":{"line":25,"column":49}},"4":{"start":{"line":35,"column":18},"end":{"line":41,"column":27}},"5":{"start":{"line":36,"column":20},"end":{"line":36,"column":29}},"6":{"start":{"line":37,"column":4},"end":{"line":39,"column":7}},"7":{"start":{"line":38,"column":6},"end":{"line":38,"column":34}},"8":{"start":{"line":40,"column":4},"end":{"line":40,"column":33}},"9":{"start":{"line":44,"column":2},"end":{"line":60,"column":4}},"10":{"start":{"line":48,"column":22},"end":{"line":48,"column":41}},"11":{"start":{"line":50,"column":8},"end":{"line":50,"column":47}},"12":{"start":{"line":55,"column":8},"end":{"line":57,"column":17}},"13":{"start":{"line":65,"column":2},"end":{"line":65,"column":77}},"14":{"start":{"line":65,"column":58},"end":{"line":65,"column":72}},"15":{"start":{"line":69,"column":0},"end":{"line":69,"column":45}},"16":{"start":{"line":69,"column":40},"end":{"line":69,"column":44}},"17":{"start":{"line":72,"column":30},"end":{"line":87,"column":3}},"18":{"start":{"line":74,"column":25},"end":{"line":74,"column":39}},"19":{"start":{"line":75,"column":26},"end":{"line":75,"column":43}},"20":{"start":{"line":77,"column":6},"end":{"line":79,"column":39}},"21":{"start":{"line":78,"column":8},"end":{"line":78,"column":58}},"22":{"start":{"line":81,"column":6},"end":{"line":85,"column":8}},"23":{"start":{"line":90,"column":2},"end":{"line":90,"column":49}},"24":{"start":{"line":90,"column":37},"end":{"line":90,"column":48}},"25":{"start":{"line":91,"column":2},"end":{"line":91,"column":56}},"26":{"start":{"line":91,"column":44},"end":{"line":91,"column":55}},"27":{"start":{"line":92,"column":24},"end":{"line":97,"column":3}},"28":{"start":{"line":93,"column":11},"end":{"line":95,"column":5}},"29":{"start":{"line":99,"column":0},"end":{"line":139,"column":3}},"30":{"start":{"line":99,"column":5},"end":{"line":134,"column":4}},"31":{"start":{"line":112,"column":6},"end":{"line":132,"column":9}},"32":{"start":{"line":112,"column":45},"end":{"line":132,"column":7}},"33":{"start":{"line":119,"column":12},"end":{"line":121,"column":18}},"34":{"start":{"line":126,"column":12},"end":{"line":128,"column":18}},"35":{"start":{"line":138,"column":4},"end":{"line":138,"column":16}},"36":{"start":{"line":158,"column":6},"end":{"line":158,"column":11}},"37":{"start":{"line":160,"column":4},"end":{"line":162,"column":44}},"38":{"start":{"line":161,"column":8},"end":{"line":161,"column":70}},"39":{"start":{"line":161,"column":52},"end":{"line":161,"column":67}},"40":{"start":{"line":165,"column":2},"end":{"line":322,"column":4}},"41":{"start":{"line":173,"column":29},"end":{"line":173,"column":60}},"42":{"start":{"line":210,"column":12},"end":{"line":235,"column":17}},"43":{"start":{"line":212,"column":16},"end":{"line":233,"column":21}},"44":{"start":{"line":240,"column":12},"end":{"line":240,"column":28}},"45":{"start":{"line":241,"column":12},"end":{"line":249,"column":14}},"46":{"start":{"line":244,"column":18},"end":{"line":246,"column":20}},"47":{"start":{"line":258,"column":25},"end":{"line":258,"column":36}},"48":{"start":{"line":266,"column":25},"end":{"line":266,"column":39}},"49":{"start":{"line":274,"column":25},"end":{"line":274,"column":35}},"50":{"start":{"line":282,"column":25},"end":{"line":282,"column":48}},"51":{"start":{"line":299,"column":25},"end":{"line":299,"column":72}},"52":{"start":{"line":300,"column":12},"end":{"line":300,"column":27}},"53":{"start":{"line":309,"column":14},"end":{"line":309,"column":50}},"54":{"start":{"line":313,"column":14},"end":{"line":315,"column":23}}},"fnMap":{"0":{"name":"DefaultColumnFilter","decl":{"start":{"line":13,"column":9},"end":{"line":13,"column":28}},"loc":{"start":{"line":15,"column":3},"end":{"line":31,"column":1}},"line":15},"1":{"name":"(anonymous_1)","decl":{"start":{"line":21,"column":17},"end":{"line":21,"column":18}},"loc":{"start":{"line":21,"column":24},"end":{"line":21,"column":43}},"line":21},"2":{"name":"(anonymous_2)","decl":{"start":{"line":24,"column":18},"end":{"line":24,"column":19}},"loc":{"start":{"line":24,"column":25},"end":{"line":26,"column":9}},"line":24},"3":{"name":"SelectColumnFilter","decl":{"start":{"line":32,"column":9},"end":{"line":32,"column":27}},"loc":{"start":{"line":34,"column":3},"end":{"line":61,"column":1}},"line":34},"4":{"name":"(anonymous_4)","decl":{"start":{"line":35,"column":32},"end":{"line":35,"column":33}},"loc":{"start":{"line":35,"column":38},"end":{"line":41,"column":3}},"line":35},"5":{"name":"(anonymous_5)","decl":{"start":{"line":37,"column":28},"end":{"line":37,"column":29}},"loc":{"start":{"line":37,"column":37},"end":{"line":39,"column":5}},"line":37},"6":{"name":"(anonymous_6)","decl":{"start":{"line":48,"column":15},"end":{"line":48,"column":16}},"loc":{"start":{"line":48,"column":22},"end":{"line":48,"column":41}},"line":48},"7":{"name":"(anonymous_7)","decl":{"start":{"line":49,"column":16},"end":{"line":49,"column":17}},"loc":{"start":{"line":49,"column":23},"end":{"line":51,"column":7}},"line":49},"8":{"name":"(anonymous_8)","decl":{"start":{"line":54,"column":19},"end":{"line":54,"column":20}},"loc":{"start":{"line":55,"column":8},"end":{"line":57,"column":17}},"line":55},"9":{"name":"fuzzyTextFilterFn","decl":{"start":{"line":64,"column":9},"end":{"line":64,"column":26}},"loc":{"start":{"line":64,"column":50},"end":{"line":66,"column":1}},"line":64},"10":{"name":"(anonymous_10)","decl":{"start":{"line":65,"column":49},"end":{"line":65,"column":50}},"loc":{"start":{"line":65,"column":58},"end":{"line":65,"column":72}},"line":65},"11":{"name":"(anonymous_11)","decl":{"start":{"line":69,"column":31},"end":{"line":69,"column":32}},"loc":{"start":{"line":69,"column":40},"end":{"line":69,"column":44}},"line":69},"12":{"name":"(anonymous_12)","decl":{"start":{"line":73,"column":4},"end":{"line":73,"column":5}},"loc":{"start":{"line":73,"column":41},"end":{"line":86,"column":5}},"line":73},"13":{"name":"(anonymous_13)","decl":{"start":{"line":77,"column":22},"end":{"line":77,"column":23}},"loc":{"start":{"line":77,"column":28},"end":{"line":79,"column":7}},"line":77},"14":{"name":"TableEvaluate","decl":{"start":{"line":89,"column":9},"end":{"line":89,"column":22}},"loc":{"start":{"line":89,"column":130},"end":{"line":323,"column":1}},"line":89},"15":{"name":"(anonymous_15)","decl":{"start":{"line":93,"column":4},"end":{"line":93,"column":5}},"loc":{"start":{"line":93,"column":11},"end":{"line":95,"column":5}},"line":93},"16":{"name":"(anonymous_16)","decl":{"start":{"line":111,"column":4},"end":{"line":111,"column":5}},"loc":{"start":{"line":111,"column":15},"end":{"line":133,"column":5}},"line":111},"17":{"name":"(anonymous_17)","decl":{"start":{"line":112,"column":32},"end":{"line":112,"column":33}},"loc":{"start":{"line":112,"column":45},"end":{"line":132,"column":7}},"line":112},"18":{"name":"(anonymous_18)","decl":{"start":{"line":118,"column":18},"end":{"line":118,"column":19}},"loc":{"start":{"line":119,"column":12},"end":{"line":121,"column":18}},"line":119},"19":{"name":"(anonymous_19)","decl":{"start":{"line":125,"column":16},"end":{"line":125,"column":17}},"loc":{"start":{"line":126,"column":12},"end":{"line":128,"column":18}},"line":126},"20":{"name":"(anonymous_20)","decl":{"start":{"line":160,"column":14},"end":{"line":160,"column":15}},"loc":{"start":{"line":160,"column":20},"end":{"line":162,"column":5}},"line":160},"21":{"name":"(anonymous_21)","decl":{"start":{"line":161,"column":45},"end":{"line":161,"column":46}},"loc":{"start":{"line":161,"column":52},"end":{"line":161,"column":67}},"line":161},"22":{"name":"(anonymous_22)","decl":{"start":{"line":173,"column":22},"end":{"line":173,"column":23}},"loc":{"start":{"line":173,"column":29},"end":{"line":173,"column":60}},"line":173},"23":{"name":"(anonymous_23)","decl":{"start":{"line":209,"column":28},"end":{"line":209,"column":29}},"loc":{"start":{"line":210,"column":12},"end":{"line":235,"column":17}},"line":210},"24":{"name":"(anonymous_24)","decl":{"start":{"line":211,"column":39},"end":{"line":211,"column":40}},"loc":{"start":{"line":212,"column":16},"end":{"line":233,"column":21}},"line":212},"25":{"name":"(anonymous_25)","decl":{"start":{"line":239,"column":20},"end":{"line":239,"column":21}},"loc":{"start":{"line":239,"column":32},"end":{"line":250,"column":11}},"line":239},"26":{"name":"(anonymous_26)","decl":{"start":{"line":243,"column":31},"end":{"line":243,"column":32}},"loc":{"start":{"line":243,"column":41},"end":{"line":247,"column":17}},"line":243},"27":{"name":"(anonymous_27)","decl":{"start":{"line":258,"column":19},"end":{"line":258,"column":20}},"loc":{"start":{"line":258,"column":25},"end":{"line":258,"column":36}},"line":258},"28":{"name":"(anonymous_28)","decl":{"start":{"line":266,"column":19},"end":{"line":266,"column":20}},"loc":{"start":{"line":266,"column":25},"end":{"line":266,"column":39}},"line":266},"29":{"name":"(anonymous_29)","decl":{"start":{"line":274,"column":19},"end":{"line":274,"column":20}},"loc":{"start":{"line":274,"column":25},"end":{"line":274,"column":35}},"line":274},"30":{"name":"(anonymous_30)","decl":{"start":{"line":282,"column":19},"end":{"line":282,"column":20}},"loc":{"start":{"line":282,"column":25},"end":{"line":282,"column":48}},"line":282},"31":{"name":"(anonymous_31)","decl":{"start":{"line":298,"column":20},"end":{"line":298,"column":21}},"loc":{"start":{"line":298,"column":27},"end":{"line":301,"column":11}},"line":298},"32":{"name":"(anonymous_32)","decl":{"start":{"line":308,"column":22},"end":{"line":308,"column":23}},"loc":{"start":{"line":308,"column":29},"end":{"line":310,"column":13}},"line":308},"33":{"name":"(anonymous_33)","decl":{"start":{"line":312,"column":38},"end":{"line":312,"column":39}},"loc":{"start":{"line":313,"column":14},"end":{"line":315,"column":23}},"line":313}},"branchMap":{"0":{"loc":{"start":{"line":23,"column":15},"end":{"line":23,"column":32}},"type":"binary-expr","locations":[{"start":{"line":23,"column":15},"end":{"line":23,"column":26}},{"start":{"line":23,"column":30},"end":{"line":23,"column":32}}],"line":23},"1":{"loc":{"start":{"line":25,"column":20},"end":{"line":25,"column":47}},"type":"binary-expr","locations":[{"start":{"line":25,"column":20},"end":{"line":25,"column":34}},{"start":{"line":25,"column":38},"end":{"line":25,"column":47}}],"line":25},"2":{"loc":{"start":{"line":50,"column":18},"end":{"line":50,"column":45}},"type":"binary-expr","locations":[{"start":{"line":50,"column":18},"end":{"line":50,"column":32}},{"start":{"line":50,"column":36},"end":{"line":50,"column":45}}],"line":50},"3":{"loc":{"start":{"line":75,"column":26},"end":{"line":75,"column":43}},"type":"binary-expr","locations":[{"start":{"line":75,"column":26},"end":{"line":75,"column":29}},{"start":{"line":75,"column":33},"end":{"line":75,"column":43}}],"line":75},"4":{"loc":{"start":{"line":90,"column":2},"end":{"line":90,"column":49}},"type":"if","locations":[{"start":{"line":90,"column":2},"end":{"line":90,"column":49}},{"start":{},"end":{}}],"line":90},"5":{"loc":{"start":{"line":90,"column":5},"end":{"line":90,"column":35}},"type":"binary-expr","locations":[{"start":{"line":90,"column":5},"end":{"line":90,"column":20}},{"start":{"line":90,"column":24},"end":{"line":90,"column":35}}],"line":90},"6":{"loc":{"start":{"line":91,"column":2},"end":{"line":91,"column":56}},"type":"if","locations":[{"start":{"line":91,"column":2},"end":{"line":91,"column":56}},{"start":{},"end":{}}],"line":91},"7":{"loc":{"start":{"line":91,"column":5},"end":{"line":91,"column":42}},"type":"binary-expr","locations":[{"start":{"line":91,"column":5},"end":{"line":91,"column":23}},{"start":{"line":91,"column":27},"end":{"line":91,"column":42}}],"line":91},"8":{"loc":{"start":{"line":172,"column":19},"end":{"line":172,"column":37}},"type":"binary-expr","locations":[{"start":{"line":172,"column":19},"end":{"line":172,"column":31}},{"start":{"line":172,"column":35},"end":{"line":172,"column":37}}],"line":172},"9":{"loc":{"start":{"line":224,"column":23},"end":{"line":228,"column":28}},"type":"cond-expr","locations":[{"start":{"line":225,"column":26},"end":{"line":227,"column":33}},{"start":{"line":228,"column":26},"end":{"line":228,"column":28}}],"line":224},"10":{"loc":{"start":{"line":225,"column":26},"end":{"line":227,"column":33}},"type":"cond-expr","locations":[{"start":{"line":226,"column":28},"end":{"line":226,"column":33}},{"start":{"line":227,"column":28},"end":{"line":227,"column":33}}],"line":225},"11":{"loc":{"start":{"line":232,"column":24},"end":{"line":232,"column":73}},"type":"cond-expr","locations":[{"start":{"line":232,"column":43},"end":{"line":232,"column":66}},{"start":{"line":232,"column":69},"end":{"line":232,"column":73}}],"line":232},"12":{"loc":{"start":{"line":299,"column":25},"end":{"line":299,"column":72}},"type":"cond-expr","locations":[{"start":{"line":299,"column":42},"end":{"line":299,"column":68}},{"start":{"line":299,"column":71},"end":{"line":299,"column":72}}],"line":299}},"s":{"0":0,"1":0,"2":0,"3":0,"4":0,"5":0,"6":0,"7":0,"8":0,"9":0,"10":0,"11":0,"12":0,"13":0,"14":0,"15":3,"16":0,"17":3,"18":0,"19":0,"20":0,"21":0,"22":0,"23":6,"24":2,"25":4,"26":0,"27":4,"28":4,"29":4,"30":4,"31":4,"32":2,"33":0,"34":0,"35":2,"36":2,"37":2,"38":0,"39":0,"40":2,"41":0,"42":2,"43":3,"44":1,"45":1,"46":2,"47":0,"48":0,"49":0,"50":0,"51":0,"52":0,"53":0,"54":10},"f":{"0":0,"1":0,"2":0,"3":0,"4":0,"5":0,"6":0,"7":0,"8":0,"9":0,"10":0,"11":0,"12":0,"13":0,"14":6,"15":4,"16":4,"17":2,"18":0,"19":0,"20":0,"21":0,"22":0,"23":2,"24":3,"25":1,"26":2,"27":0,"28":0,"29":0,"30":0,"31":0,"32":0,"33":10},"b":{"0":[0,0],"1":[0,0],"2":[0,0],"3":[0,0],"4":[2,4],"5":[6,4],"6":[0,4],"7":[4,4],"8":[2,2],"9":[0,3],"10":[0,0],"11":[1,2],"12":[0,0]},"_coverageSchema":"1a1c01bbd47fc00a2c39e90264f33305004495a9","hash":"f71aa033be12aefe2cbad5434d4bfc03e8315e3d"}
,"C:\\Users\\PC\\Desktop\\code\\fpt\\new\\fpt-manage-fresher\\src\\components\\Audit\\Schedule\\Detail\\Modal\\ModalDetailAdd.js": {"path":"C:\\Users\\PC\\Desktop\\code\\fpt\\new\\fpt-manage-fresher\\src\\components\\Audit\\Schedule\\Detail\\Modal\\ModalDetailAdd.js","statementMap":{"0":{"start":{"line":20,"column":4},"end":{"line":109,"column":6}},"1":{"start":{"line":43,"column":49},"end":{"line":43,"column":78}},"2":{"start":{"line":64,"column":49},"end":{"line":64,"column":79}},"3":{"start":{"line":83,"column":45},"end":{"line":83,"column":78}}},"fnMap":{"0":{"name":"ModalDetailAdd","decl":{"start":{"line":3,"column":9},"end":{"line":3,"column":23}},"loc":{"start":{"line":19,"column":22},"end":{"line":110,"column":1}},"line":19},"1":{"name":"(anonymous_1)","decl":{"start":{"line":43,"column":44},"end":{"line":43,"column":45}},"loc":{"start":{"line":43,"column":49},"end":{"line":43,"column":78}},"line":43},"2":{"name":"(anonymous_2)","decl":{"start":{"line":64,"column":44},"end":{"line":64,"column":45}},"loc":{"start":{"line":64,"column":49},"end":{"line":64,"column":79}},"line":64},"3":{"name":"(anonymous_3)","decl":{"start":{"line":83,"column":40},"end":{"line":83,"column":41}},"loc":{"start":{"line":83,"column":45},"end":{"line":83,"column":78}},"line":83}},"branchMap":{},"s":{"0":0,"1":0,"2":0,"3":0},"f":{"0":0,"1":0,"2":0,"3":0},"b":{},"_coverageSchema":"1a1c01bbd47fc00a2c39e90264f33305004495a9","hash":"9aca751a567e0f0db562936aabb47def9e44ee1b"}
,"C:\\Users\\PC\\Desktop\\code\\fpt\\new\\fpt-manage-fresher\\src\\components\\Audit\\Schedule\\Detail\\Search\\Search.js": {"path":"C:\\Users\\PC\\Desktop\\code\\fpt\\new\\fpt-manage-fresher\\src\\components\\Audit\\Schedule\\Detail\\Search\\Search.js","statementMap":{"0":{"start":{"line":14,"column":18},"end":{"line":43,"column":1}},"1":{"start":{"line":15,"column":10},"end":{"line":41,"column":5}},"2":{"start":{"line":18,"column":22},"end":{"line":18,"column":26}},"3":{"start":{"line":19,"column":28},"end":{"line":19,"column":47}},"4":{"start":{"line":24,"column":22},"end":{"line":24,"column":26}},"5":{"start":{"line":32,"column":22},"end":{"line":32,"column":26}},"6":{"start":{"line":39,"column":22},"end":{"line":39,"column":26}},"7":{"start":{"line":45,"column":26},"end":{"line":45,"column":44}},"8":{"start":{"line":48,"column":36},"end":{"line":48,"column":54}},"9":{"start":{"line":51,"column":38},"end":{"line":51,"column":59}},"10":{"start":{"line":52,"column":22},"end":{"line":52,"column":42}},"11":{"start":{"line":53,"column":46},"end":{"line":53,"column":64}},"12":{"start":{"line":54,"column":44},"end":{"line":54,"column":62}},"13":{"start":{"line":55,"column":38},"end":{"line":55,"column":56}},"14":{"start":{"line":56,"column":36},"end":{"line":56,"column":54}},"15":{"start":{"line":57,"column":40},"end":{"line":57,"column":58}},"16":{"start":{"line":58,"column":42},"end":{"line":58,"column":60}},"17":{"start":{"line":62,"column":17},"end":{"line":62,"column":27}},"18":{"start":{"line":63,"column":4},"end":{"line":63,"column":18}},"19":{"start":{"line":66,"column":2},"end":{"line":68,"column":7}},"20":{"start":{"line":67,"column":4},"end":{"line":67,"column":17}},"21":{"start":{"line":73,"column":30},"end":{"line":73,"column":51}},"22":{"start":{"line":75,"column":20},"end":{"line":78,"column":3}},"23":{"start":{"line":76,"column":4},"end":{"line":76,"column":21}},"24":{"start":{"line":77,"column":4},"end":{"line":77,"column":20}},"25":{"start":{"line":79,"column":26},"end":{"line":82,"column":3}},"26":{"start":{"line":80,"column":4},"end":{"line":80,"column":19}},"27":{"start":{"line":81,"column":4},"end":{"line":81,"column":22}},"28":{"start":{"line":85,"column":42},"end":{"line":85,"column":63}},"29":{"start":{"line":87,"column":26},"end":{"line":90,"column":3}},"30":{"start":{"line":88,"column":4},"end":{"line":88,"column":27}},"31":{"start":{"line":89,"column":4},"end":{"line":89,"column":20}},"32":{"start":{"line":91,"column":32},"end":{"line":94,"column":3}},"33":{"start":{"line":92,"column":4},"end":{"line":92,"column":25}},"34":{"start":{"line":93,"column":4},"end":{"line":93,"column":22}},"35":{"start":{"line":98,"column":24},"end":{"line":106,"column":3}},"36":{"start":{"line":99,"column":4},"end":{"line":99,"column":24}},"37":{"start":{"line":100,"column":4},"end":{"line":100,"column":25}},"38":{"start":{"line":101,"column":4},"end":{"line":101,"column":21}},"39":{"start":{"line":102,"column":4},"end":{"line":102,"column":22}},"40":{"start":{"line":104,"column":4},"end":{"line":104,"column":24}},"41":{"start":{"line":105,"column":4},"end":{"line":105,"column":20}},"42":{"start":{"line":107,"column":27},"end":{"line":115,"column":3}},"43":{"start":{"line":108,"column":4},"end":{"line":108,"column":23}},"44":{"start":{"line":109,"column":4},"end":{"line":109,"column":18}},"45":{"start":{"line":110,"column":4},"end":{"line":110,"column":36}},"46":{"start":{"line":111,"column":4},"end":{"line":111,"column":34}},"47":{"start":{"line":112,"column":4},"end":{"line":112,"column":28}},"48":{"start":{"line":113,"column":4},"end":{"line":113,"column":30}},"49":{"start":{"line":114,"column":4},"end":{"line":114,"column":31}},"50":{"start":{"line":116,"column":23},"end":{"line":130,"column":3}},"51":{"start":{"line":117,"column":15},"end":{"line":122,"column":31}},"52":{"start":{"line":123,"column":4},"end":{"line":123,"column":24}},"53":{"start":{"line":124,"column":4},"end":{"line":124,"column":15}},"54":{"start":{"line":125,"column":4},"end":{"line":125,"column":25}},"55":{"start":{"line":126,"column":4},"end":{"line":126,"column":24}},"56":{"start":{"line":127,"column":4},"end":{"line":127,"column":21}},"57":{"start":{"line":128,"column":4},"end":{"line":128,"column":22}},"58":{"start":{"line":129,"column":4},"end":{"line":129,"column":20}},"59":{"start":{"line":133,"column":35},"end":{"line":133,"column":56}},"60":{"start":{"line":134,"column":24},"end":{"line":140,"column":3}},"61":{"start":{"line":135,"column":6},"end":{"line":135,"column":23}},"62":{"start":{"line":136,"column":6},"end":{"line":136,"column":32}},"63":{"start":{"line":137,"column":20},"end":{"line":137,"column":50}},"64":{"start":{"line":138,"column":6},"end":{"line":138,"column":18}},"65":{"start":{"line":141,"column":22},"end":{"line":149,"column":3}},"66":{"start":{"line":142,"column":6},"end":{"line":142,"column":24}},"67":{"start":{"line":143,"column":6},"end":{"line":143,"column":17}},"68":{"start":{"line":144,"column":6},"end":{"line":144,"column":27}},"69":{"start":{"line":145,"column":6},"end":{"line":145,"column":26}},"70":{"start":{"line":146,"column":6},"end":{"line":146,"column":23}},"71":{"start":{"line":147,"column":6},"end":{"line":147,"column":24}},"72":{"start":{"line":148,"column":6},"end":{"line":148,"column":22}},"73":{"start":{"line":152,"column":15},"end":{"line":157,"column":27}},"74":{"start":{"line":158,"column":4},"end":{"line":158,"column":22}},"75":{"start":{"line":159,"column":4},"end":{"line":159,"column":15}},"76":{"start":{"line":160,"column":4},"end":{"line":160,"column":25}},"77":{"start":{"line":161,"column":4},"end":{"line":161,"column":24}},"78":{"start":{"line":162,"column":4},"end":{"line":162,"column":21}},"79":{"start":{"line":163,"column":4},"end":{"line":163,"column":22}},"80":{"start":{"line":164,"column":4},"end":{"line":164,"column":20}},"81":{"start":{"line":168,"column":41},"end":{"line":168,"column":62}},"82":{"start":{"line":169,"column":27},"end":{"line":176,"column":3}},"83":{"start":{"line":170,"column":6},"end":{"line":175,"column":7}},"84":{"start":{"line":171,"column":10},"end":{"line":171,"column":30}},"85":{"start":{"line":174,"column":10},"end":{"line":174,"column":52}},"86":{"start":{"line":177,"column":25},"end":{"line":185,"column":3}},"87":{"start":{"line":178,"column":6},"end":{"line":178,"column":27}},"88":{"start":{"line":179,"column":6},"end":{"line":179,"column":17}},"89":{"start":{"line":180,"column":6},"end":{"line":180,"column":27}},"90":{"start":{"line":181,"column":6},"end":{"line":181,"column":26}},"91":{"start":{"line":182,"column":6},"end":{"line":182,"column":23}},"92":{"start":{"line":183,"column":6},"end":{"line":183,"column":24}},"93":{"start":{"line":184,"column":6},"end":{"line":184,"column":22}},"94":{"start":{"line":188,"column":59},"end":{"line":188,"column":80}},"95":{"start":{"line":190,"column":36},"end":{"line":194,"column":4}},"96":{"start":{"line":191,"column":8},"end":{"line":191,"column":38}},"97":{"start":{"line":192,"column":8},"end":{"line":192,"column":26}},"98":{"start":{"line":193,"column":8},"end":{"line":193,"column":22}},"99":{"start":{"line":196,"column":34},"end":{"line":200,"column":4}},"100":{"start":{"line":197,"column":8},"end":{"line":197,"column":38}},"101":{"start":{"line":198,"column":8},"end":{"line":198,"column":24}},"102":{"start":{"line":199,"column":8},"end":{"line":199,"column":19}},"103":{"start":{"line":203,"column":4},"end":{"line":203,"column":34}},"104":{"start":{"line":204,"column":4},"end":{"line":204,"column":15}},"105":{"start":{"line":205,"column":4},"end":{"line":205,"column":20}},"106":{"start":{"line":208,"column":2},"end":{"line":258,"column":4}}},"fnMap":{"0":{"name":"Search","decl":{"start":{"line":13,"column":9},"end":{"line":13,"column":15}},"loc":{"start":{"line":13,"column":18},"end":{"line":259,"column":1}},"line":13},"1":{"name":"(anonymous_1)","decl":{"start":{"line":15,"column":4},"end":{"line":15,"column":5}},"loc":{"start":{"line":15,"column":10},"end":{"line":41,"column":5}},"line":15},"2":{"name":"(anonymous_2)","decl":{"start":{"line":18,"column":16},"end":{"line":18,"column":17}},"loc":{"start":{"line":18,"column":22},"end":{"line":18,"column":26}},"line":18},"3":{"name":"(anonymous_3)","decl":{"start":{"line":19,"column":18},"end":{"line":19,"column":19}},"loc":{"start":{"line":19,"column":27},"end":{"line":19,"column":48}},"line":19},"4":{"name":"(anonymous_4)","decl":{"start":{"line":24,"column":16},"end":{"line":24,"column":17}},"loc":{"start":{"line":24,"column":22},"end":{"line":24,"column":26}},"line":24},"5":{"name":"(anonymous_5)","decl":{"start":{"line":32,"column":16},"end":{"line":32,"column":17}},"loc":{"start":{"line":32,"column":22},"end":{"line":32,"column":26}},"line":32},"6":{"name":"(anonymous_6)","decl":{"start":{"line":39,"column":16},"end":{"line":39,"column":17}},"loc":{"start":{"line":39,"column":22},"end":{"line":39,"column":26}},"line":39},"7":{"name":"getResource","decl":{"start":{"line":61,"column":11},"end":{"line":61,"column":22}},"loc":{"start":{"line":61,"column":25},"end":{"line":64,"column":3}},"line":61},"8":{"name":"(anonymous_8)","decl":{"start":{"line":66,"column":12},"end":{"line":66,"column":13}},"loc":{"start":{"line":66,"column":18},"end":{"line":68,"column":3}},"line":66},"9":{"name":"(anonymous_9)","decl":{"start":{"line":75,"column":20},"end":{"line":75,"column":21}},"loc":{"start":{"line":75,"column":26},"end":{"line":78,"column":3}},"line":75},"10":{"name":"(anonymous_10)","decl":{"start":{"line":79,"column":26},"end":{"line":79,"column":27}},"loc":{"start":{"line":79,"column":36},"end":{"line":82,"column":3}},"line":79},"11":{"name":"(anonymous_11)","decl":{"start":{"line":87,"column":26},"end":{"line":87,"column":27}},"loc":{"start":{"line":87,"column":32},"end":{"line":90,"column":3}},"line":87},"12":{"name":"(anonymous_12)","decl":{"start":{"line":91,"column":32},"end":{"line":91,"column":33}},"loc":{"start":{"line":91,"column":42},"end":{"line":94,"column":3}},"line":91},"13":{"name":"(anonymous_13)","decl":{"start":{"line":98,"column":24},"end":{"line":98,"column":25}},"loc":{"start":{"line":98,"column":30},"end":{"line":106,"column":3}},"line":98},"14":{"name":"(anonymous_14)","decl":{"start":{"line":107,"column":27},"end":{"line":107,"column":28}},"loc":{"start":{"line":107,"column":37},"end":{"line":115,"column":3}},"line":107},"15":{"name":"(anonymous_15)","decl":{"start":{"line":116,"column":23},"end":{"line":116,"column":24}},"loc":{"start":{"line":116,"column":29},"end":{"line":130,"column":3}},"line":116},"16":{"name":"(anonymous_16)","decl":{"start":{"line":134,"column":24},"end":{"line":134,"column":25}},"loc":{"start":{"line":134,"column":30},"end":{"line":140,"column":3}},"line":134},"17":{"name":"(anonymous_17)","decl":{"start":{"line":141,"column":22},"end":{"line":141,"column":23}},"loc":{"start":{"line":141,"column":28},"end":{"line":149,"column":3}},"line":141},"18":{"name":"onSubmitAdd","decl":{"start":{"line":151,"column":11},"end":{"line":151,"column":22}},"loc":{"start":{"line":151,"column":24},"end":{"line":165,"column":3}},"line":151},"19":{"name":"(anonymous_19)","decl":{"start":{"line":169,"column":27},"end":{"line":169,"column":28}},"loc":{"start":{"line":169,"column":33},"end":{"line":176,"column":3}},"line":169},"20":{"name":"(anonymous_20)","decl":{"start":{"line":177,"column":25},"end":{"line":177,"column":26}},"loc":{"start":{"line":177,"column":31},"end":{"line":185,"column":3}},"line":177},"21":{"name":"(anonymous_21)","decl":{"start":{"line":190,"column":36},"end":{"line":190,"column":37}},"loc":{"start":{"line":190,"column":46},"end":{"line":194,"column":4}},"line":190},"22":{"name":"(anonymous_22)","decl":{"start":{"line":196,"column":34},"end":{"line":196,"column":35}},"loc":{"start":{"line":196,"column":39},"end":{"line":200,"column":4}},"line":196},"23":{"name":"onSumbitDeleteRow","decl":{"start":{"line":202,"column":12},"end":{"line":202,"column":29}},"loc":{"start":{"line":202,"column":31},"end":{"line":206,"column":4}},"line":202}},"branchMap":{"0":{"loc":{"start":{"line":170,"column":6},"end":{"line":175,"column":7}},"type":"if","locations":[{"start":{"line":170,"column":6},"end":{"line":175,"column":7}},{"start":{"line":173,"column":10},"end":{"line":175,"column":7}}],"line":170}},"s":{"0":1,"1":1,"2":0,"3":0,"4":0,"5":0,"6":0,"7":1,"8":1,"9":1,"10":1,"11":1,"12":1,"13":1,"14":1,"15":1,"16":1,"17":0,"18":0,"19":1,"20":0,"21":1,"22":1,"23":0,"24":0,"25":1,"26":0,"27":0,"28":1,"29":1,"30":0,"31":0,"32":1,"33":0,"34":0,"35":1,"36":0,"37":0,"38":0,"39":0,"40":0,"41":0,"42":1,"43":0,"44":0,"45":0,"46":0,"47":0,"48":0,"49":0,"50":1,"51":0,"52":0,"53":0,"54":0,"55":0,"56":0,"57":0,"58":0,"59":1,"60":1,"61":0,"62":0,"63":0,"64":0,"65":1,"66":0,"67":0,"68":0,"69":0,"70":0,"71":0,"72":0,"73":0,"74":0,"75":0,"76":0,"77":0,"78":0,"79":0,"80":0,"81":1,"82":1,"83":0,"84":0,"85":0,"86":1,"87":0,"88":0,"89":0,"90":0,"91":0,"92":0,"93":0,"94":1,"95":1,"96":0,"97":0,"98":0,"99":1,"100":0,"101":0,"102":0,"103":0,"104":0,"105":0,"106":1},"f":{"0":1,"1":1,"2":0,"3":0,"4":0,"5":0,"6":0,"7":0,"8":0,"9":0,"10":0,"11":0,"12":0,"13":0,"14":0,"15":0,"16":0,"17":0,"18":0,"19":0,"20":0,"21":0,"22":0,"23":0},"b":{"0":[0,0]},"_coverageSchema":"1a1c01bbd47fc00a2c39e90264f33305004495a9","hash":"d9289876bfc3461a54056156f274ef79d7e7ae0d"}
,"C:\\Users\\PC\\Desktop\\code\\fpt\\new\\fpt-manage-fresher\\src\\components\\Audit\\Schedule\\Detail\\Search\\TableSearch.js": {"path":"C:\\Users\\PC\\Desktop\\code\\fpt\\new\\fpt-manage-fresher\\src\\components\\Audit\\Schedule\\Detail\\Search\\TableSearch.js","statementMap":{"0":{"start":{"line":18,"column":16},"end":{"line":18,"column":38}},"1":{"start":{"line":20,"column":2},"end":{"line":32,"column":4}},"2":{"start":{"line":23,"column":24},"end":{"line":23,"column":43}},"3":{"start":{"line":27,"column":10},"end":{"line":27,"column":49}},"4":{"start":{"line":38,"column":18},"end":{"line":44,"column":27}},"5":{"start":{"line":39,"column":20},"end":{"line":39,"column":29}},"6":{"start":{"line":40,"column":4},"end":{"line":42,"column":7}},"7":{"start":{"line":41,"column":6},"end":{"line":41,"column":34}},"8":{"start":{"line":43,"column":4},"end":{"line":43,"column":33}},"9":{"start":{"line":47,"column":2},"end":{"line":63,"column":4}},"10":{"start":{"line":51,"column":22},"end":{"line":51,"column":41}},"11":{"start":{"line":53,"column":8},"end":{"line":53,"column":47}},"12":{"start":{"line":58,"column":8},"end":{"line":60,"column":17}},"13":{"start":{"line":67,"column":2},"end":{"line":67,"column":77}},"14":{"start":{"line":67,"column":58},"end":{"line":67,"column":72}},"15":{"start":{"line":70,"column":0},"end":{"line":70,"column":45}},"16":{"start":{"line":70,"column":40},"end":{"line":70,"column":44}},"17":{"start":{"line":73,"column":30},"end":{"line":88,"column":3}},"18":{"start":{"line":75,"column":25},"end":{"line":75,"column":39}},"19":{"start":{"line":76,"column":26},"end":{"line":76,"column":43}},"20":{"start":{"line":78,"column":6},"end":{"line":80,"column":39}},"21":{"start":{"line":79,"column":8},"end":{"line":79,"column":58}},"22":{"start":{"line":82,"column":6},"end":{"line":86,"column":8}},"23":{"start":{"line":91,"column":2},"end":{"line":91,"column":49}},"24":{"start":{"line":91,"column":37},"end":{"line":91,"column":48}},"25":{"start":{"line":92,"column":2},"end":{"line":92,"column":56}},"26":{"start":{"line":92,"column":44},"end":{"line":92,"column":55}},"27":{"start":{"line":93,"column":24},"end":{"line":98,"column":3}},"28":{"start":{"line":94,"column":11},"end":{"line":96,"column":5}},"29":{"start":{"line":100,"column":0},"end":{"line":138,"column":1}},"30":{"start":{"line":100,"column":6},"end":{"line":134,"column":4}},"31":{"start":{"line":112,"column":6},"end":{"line":132,"column":9}},"32":{"start":{"line":112,"column":45},"end":{"line":132,"column":7}},"33":{"start":{"line":119,"column":12},"end":{"line":121,"column":18}},"34":{"start":{"line":126,"column":12},"end":{"line":128,"column":18}},"35":{"start":{"line":137,"column":2},"end":{"line":137,"column":14}},"36":{"start":{"line":156,"column":6},"end":{"line":156,"column":11}},"37":{"start":{"line":158,"column":4},"end":{"line":160,"column":44}},"38":{"start":{"line":159,"column":8},"end":{"line":159,"column":70}},"39":{"start":{"line":159,"column":52},"end":{"line":159,"column":67}},"40":{"start":{"line":163,"column":2},"end":{"line":312,"column":4}},"41":{"start":{"line":171,"column":29},"end":{"line":171,"column":60}},"42":{"start":{"line":199,"column":12},"end":{"line":224,"column":17}},"43":{"start":{"line":201,"column":16},"end":{"line":222,"column":21}},"44":{"start":{"line":230,"column":12},"end":{"line":230,"column":28}},"45":{"start":{"line":231,"column":12},"end":{"line":239,"column":14}},"46":{"start":{"line":234,"column":18},"end":{"line":236,"column":20}},"47":{"start":{"line":248,"column":25},"end":{"line":248,"column":36}},"48":{"start":{"line":256,"column":25},"end":{"line":256,"column":39}},"49":{"start":{"line":264,"column":25},"end":{"line":264,"column":35}},"50":{"start":{"line":272,"column":25},"end":{"line":272,"column":48}},"51":{"start":{"line":289,"column":25},"end":{"line":289,"column":72}},"52":{"start":{"line":290,"column":12},"end":{"line":290,"column":27}},"53":{"start":{"line":299,"column":14},"end":{"line":299,"column":50}},"54":{"start":{"line":303,"column":14},"end":{"line":305,"column":23}}},"fnMap":{"0":{"name":"DefaultColumnFilter","decl":{"start":{"line":15,"column":9},"end":{"line":15,"column":28}},"loc":{"start":{"line":17,"column":3},"end":{"line":33,"column":1}},"line":17},"1":{"name":"(anonymous_1)","decl":{"start":{"line":23,"column":17},"end":{"line":23,"column":18}},"loc":{"start":{"line":23,"column":24},"end":{"line":23,"column":43}},"line":23},"2":{"name":"(anonymous_2)","decl":{"start":{"line":26,"column":18},"end":{"line":26,"column":19}},"loc":{"start":{"line":26,"column":25},"end":{"line":28,"column":9}},"line":26},"3":{"name":"SelectColumnFilter","decl":{"start":{"line":35,"column":9},"end":{"line":35,"column":27}},"loc":{"start":{"line":37,"column":3},"end":{"line":64,"column":1}},"line":37},"4":{"name":"(anonymous_4)","decl":{"start":{"line":38,"column":32},"end":{"line":38,"column":33}},"loc":{"start":{"line":38,"column":38},"end":{"line":44,"column":3}},"line":38},"5":{"name":"(anonymous_5)","decl":{"start":{"line":40,"column":28},"end":{"line":40,"column":29}},"loc":{"start":{"line":40,"column":37},"end":{"line":42,"column":5}},"line":40},"6":{"name":"(anonymous_6)","decl":{"start":{"line":51,"column":15},"end":{"line":51,"column":16}},"loc":{"start":{"line":51,"column":22},"end":{"line":51,"column":41}},"line":51},"7":{"name":"(anonymous_7)","decl":{"start":{"line":52,"column":16},"end":{"line":52,"column":17}},"loc":{"start":{"line":52,"column":23},"end":{"line":54,"column":7}},"line":52},"8":{"name":"(anonymous_8)","decl":{"start":{"line":57,"column":19},"end":{"line":57,"column":20}},"loc":{"start":{"line":58,"column":8},"end":{"line":60,"column":17}},"line":58},"9":{"name":"fuzzyTextFilterFn","decl":{"start":{"line":66,"column":9},"end":{"line":66,"column":26}},"loc":{"start":{"line":66,"column":50},"end":{"line":68,"column":1}},"line":66},"10":{"name":"(anonymous_10)","decl":{"start":{"line":67,"column":49},"end":{"line":67,"column":50}},"loc":{"start":{"line":67,"column":58},"end":{"line":67,"column":72}},"line":67},"11":{"name":"(anonymous_11)","decl":{"start":{"line":70,"column":31},"end":{"line":70,"column":32}},"loc":{"start":{"line":70,"column":40},"end":{"line":70,"column":44}},"line":70},"12":{"name":"(anonymous_12)","decl":{"start":{"line":74,"column":4},"end":{"line":74,"column":5}},"loc":{"start":{"line":74,"column":41},"end":{"line":87,"column":5}},"line":74},"13":{"name":"(anonymous_13)","decl":{"start":{"line":78,"column":22},"end":{"line":78,"column":23}},"loc":{"start":{"line":78,"column":28},"end":{"line":80,"column":7}},"line":78},"14":{"name":"SearchTable","decl":{"start":{"line":90,"column":9},"end":{"line":90,"column":20}},"loc":{"start":{"line":90,"column":126},"end":{"line":313,"column":1}},"line":90},"15":{"name":"(anonymous_15)","decl":{"start":{"line":94,"column":4},"end":{"line":94,"column":5}},"loc":{"start":{"line":94,"column":11},"end":{"line":96,"column":5}},"line":94},"16":{"name":"(anonymous_16)","decl":{"start":{"line":111,"column":4},"end":{"line":111,"column":5}},"loc":{"start":{"line":111,"column":15},"end":{"line":133,"column":5}},"line":111},"17":{"name":"(anonymous_17)","decl":{"start":{"line":112,"column":32},"end":{"line":112,"column":33}},"loc":{"start":{"line":112,"column":45},"end":{"line":132,"column":7}},"line":112},"18":{"name":"(anonymous_18)","decl":{"start":{"line":118,"column":18},"end":{"line":118,"column":19}},"loc":{"start":{"line":119,"column":12},"end":{"line":121,"column":18}},"line":119},"19":{"name":"(anonymous_19)","decl":{"start":{"line":125,"column":16},"end":{"line":125,"column":17}},"loc":{"start":{"line":126,"column":12},"end":{"line":128,"column":18}},"line":126},"20":{"name":"(anonymous_20)","decl":{"start":{"line":158,"column":14},"end":{"line":158,"column":15}},"loc":{"start":{"line":158,"column":20},"end":{"line":160,"column":5}},"line":158},"21":{"name":"(anonymous_21)","decl":{"start":{"line":159,"column":45},"end":{"line":159,"column":46}},"loc":{"start":{"line":159,"column":52},"end":{"line":159,"column":67}},"line":159},"22":{"name":"(anonymous_22)","decl":{"start":{"line":171,"column":22},"end":{"line":171,"column":23}},"loc":{"start":{"line":171,"column":29},"end":{"line":171,"column":60}},"line":171},"23":{"name":"(anonymous_23)","decl":{"start":{"line":198,"column":28},"end":{"line":198,"column":29}},"loc":{"start":{"line":199,"column":12},"end":{"line":224,"column":17}},"line":199},"24":{"name":"(anonymous_24)","decl":{"start":{"line":200,"column":39},"end":{"line":200,"column":40}},"loc":{"start":{"line":201,"column":16},"end":{"line":222,"column":21}},"line":201},"25":{"name":"(anonymous_25)","decl":{"start":{"line":229,"column":20},"end":{"line":229,"column":21}},"loc":{"start":{"line":229,"column":32},"end":{"line":240,"column":11}},"line":229},"26":{"name":"(anonymous_26)","decl":{"start":{"line":233,"column":31},"end":{"line":233,"column":32}},"loc":{"start":{"line":233,"column":41},"end":{"line":237,"column":17}},"line":233},"27":{"name":"(anonymous_27)","decl":{"start":{"line":248,"column":19},"end":{"line":248,"column":20}},"loc":{"start":{"line":248,"column":25},"end":{"line":248,"column":36}},"line":248},"28":{"name":"(anonymous_28)","decl":{"start":{"line":256,"column":19},"end":{"line":256,"column":20}},"loc":{"start":{"line":256,"column":25},"end":{"line":256,"column":39}},"line":256},"29":{"name":"(anonymous_29)","decl":{"start":{"line":264,"column":19},"end":{"line":264,"column":20}},"loc":{"start":{"line":264,"column":25},"end":{"line":264,"column":35}},"line":264},"30":{"name":"(anonymous_30)","decl":{"start":{"line":272,"column":19},"end":{"line":272,"column":20}},"loc":{"start":{"line":272,"column":25},"end":{"line":272,"column":48}},"line":272},"31":{"name":"(anonymous_31)","decl":{"start":{"line":288,"column":20},"end":{"line":288,"column":21}},"loc":{"start":{"line":288,"column":27},"end":{"line":291,"column":11}},"line":288},"32":{"name":"(anonymous_32)","decl":{"start":{"line":298,"column":22},"end":{"line":298,"column":23}},"loc":{"start":{"line":298,"column":29},"end":{"line":300,"column":13}},"line":298},"33":{"name":"(anonymous_33)","decl":{"start":{"line":302,"column":38},"end":{"line":302,"column":39}},"loc":{"start":{"line":303,"column":14},"end":{"line":305,"column":23}},"line":303}},"branchMap":{"0":{"loc":{"start":{"line":25,"column":15},"end":{"line":25,"column":32}},"type":"binary-expr","locations":[{"start":{"line":25,"column":15},"end":{"line":25,"column":26}},{"start":{"line":25,"column":30},"end":{"line":25,"column":32}}],"line":25},"1":{"loc":{"start":{"line":27,"column":20},"end":{"line":27,"column":47}},"type":"binary-expr","locations":[{"start":{"line":27,"column":20},"end":{"line":27,"column":34}},{"start":{"line":27,"column":38},"end":{"line":27,"column":47}}],"line":27},"2":{"loc":{"start":{"line":53,"column":18},"end":{"line":53,"column":45}},"type":"binary-expr","locations":[{"start":{"line":53,"column":18},"end":{"line":53,"column":32}},{"start":{"line":53,"column":36},"end":{"line":53,"column":45}}],"line":53},"3":{"loc":{"start":{"line":76,"column":26},"end":{"line":76,"column":43}},"type":"binary-expr","locations":[{"start":{"line":76,"column":26},"end":{"line":76,"column":29}},{"start":{"line":76,"column":33},"end":{"line":76,"column":43}}],"line":76},"4":{"loc":{"start":{"line":91,"column":2},"end":{"line":91,"column":49}},"type":"if","locations":[{"start":{"line":91,"column":2},"end":{"line":91,"column":49}},{"start":{},"end":{}}],"line":91},"5":{"loc":{"start":{"line":91,"column":5},"end":{"line":91,"column":35}},"type":"binary-expr","locations":[{"start":{"line":91,"column":5},"end":{"line":91,"column":20}},{"start":{"line":91,"column":24},"end":{"line":91,"column":35}}],"line":91},"6":{"loc":{"start":{"line":92,"column":2},"end":{"line":92,"column":56}},"type":"if","locations":[{"start":{"line":92,"column":2},"end":{"line":92,"column":56}},{"start":{},"end":{}}],"line":92},"7":{"loc":{"start":{"line":92,"column":5},"end":{"line":92,"column":42}},"type":"binary-expr","locations":[{"start":{"line":92,"column":5},"end":{"line":92,"column":23}},{"start":{"line":92,"column":27},"end":{"line":92,"column":42}}],"line":92},"8":{"loc":{"start":{"line":170,"column":19},"end":{"line":170,"column":37}},"type":"binary-expr","locations":[{"start":{"line":170,"column":19},"end":{"line":170,"column":31}},{"start":{"line":170,"column":35},"end":{"line":170,"column":37}}],"line":170},"9":{"loc":{"start":{"line":213,"column":23},"end":{"line":217,"column":28}},"type":"cond-expr","locations":[{"start":{"line":214,"column":26},"end":{"line":216,"column":33}},{"start":{"line":217,"column":26},"end":{"line":217,"column":28}}],"line":213},"10":{"loc":{"start":{"line":214,"column":26},"end":{"line":216,"column":33}},"type":"cond-expr","locations":[{"start":{"line":215,"column":28},"end":{"line":215,"column":33}},{"start":{"line":216,"column":28},"end":{"line":216,"column":33}}],"line":214},"11":{"loc":{"start":{"line":221,"column":24},"end":{"line":221,"column":73}},"type":"cond-expr","locations":[{"start":{"line":221,"column":43},"end":{"line":221,"column":66}},{"start":{"line":221,"column":69},"end":{"line":221,"column":73}}],"line":221},"12":{"loc":{"start":{"line":289,"column":25},"end":{"line":289,"column":72}},"type":"cond-expr","locations":[{"start":{"line":289,"column":42},"end":{"line":289,"column":68}},{"start":{"line":289,"column":71},"end":{"line":289,"column":72}}],"line":289}},"s":{"0":0,"1":0,"2":0,"3":0,"4":0,"5":0,"6":0,"7":0,"8":0,"9":0,"10":0,"11":0,"12":0,"13":0,"14":0,"15":3,"16":0,"17":3,"18":0,"19":0,"20":0,"21":0,"22":0,"23":6,"24":2,"25":4,"26":0,"27":4,"28":4,"29":4,"30":4,"31":4,"32":2,"33":0,"34":0,"35":2,"36":2,"37":2,"38":0,"39":0,"40":2,"41":0,"42":2,"43":3,"44":1,"45":1,"46":2,"47":0,"48":0,"49":0,"50":0,"51":0,"52":0,"53":0,"54":10},"f":{"0":0,"1":0,"2":0,"3":0,"4":0,"5":0,"6":0,"7":0,"8":0,"9":0,"10":0,"11":0,"12":0,"13":0,"14":6,"15":4,"16":4,"17":2,"18":0,"19":0,"20":0,"21":0,"22":0,"23":2,"24":3,"25":1,"26":2,"27":0,"28":0,"29":0,"30":0,"31":0,"32":0,"33":10},"b":{"0":[0,0],"1":[0,0],"2":[0,0],"3":[0,0],"4":[2,4],"5":[6,4],"6":[0,4],"7":[4,4],"8":[2,2],"9":[0,3],"10":[0,0],"11":[1,2],"12":[0,0]},"_coverageSchema":"1a1c01bbd47fc00a2c39e90264f33305004495a9","hash":"0cd5284e66af6faee478ac1e4f8f37977853fbaf"}
}
