TN:
SF:src\components\Audit\Schedule\Detail\Detail.js
FN:12,Detail
FN:15,(anonymous_1)
FN:19,(anonymous_2)
FN:24,(anonymous_3)
FN:29,(anonymous_4)
FN:35,(anonymous_5)
FN:36,(anonymous_6)
FN:39,(anonymous_7)
FN:69,getResource
FN:74,(anonymous_9)
FN:82,(anonymous_10)
FN:88,(anonymous_11)
FN:98,(anonymous_12)
FN:116,(anonymous_13)
FN:123,(anonymous_14)
FN:133,onSubmitAdd
FN:150,(anonymous_16)
FN:158,(anonymous_17)
FN:170,(anonymous_18)
FN:176,onSumbitDeleteRow
FNF:20
FNH:2
FNDA:1,Detail
FNDA:1,(anonymous_1)
FNDA:0,(anonymous_2)
FNDA:0,(anonymous_3)
FNDA:0,(anonymous_4)
FNDA:0,(anonymous_5)
FNDA:0,(anonymous_6)
FNDA:0,(anonymous_7)
FNDA:0,getResource
FNDA:0,(anonymous_9)
FNDA:0,(anonymous_10)
FNDA:0,(anonymous_11)
FNDA:0,(anonymous_12)
FNDA:0,(anonymous_13)
FNDA:0,(anonymous_14)
FNDA:0,onSubmitAdd
FNDA:0,(anonymous_16)
FNDA:0,(anonymous_17)
FNDA:0,(anonymous_18)
FNDA:0,onSumbitDeleteRow
DA:14,1
DA:15,1
DA:19,0
DA:24,0
DA:29,0
DA:35,0
DA:37,0
DA:39,0
DA:53,1
DA:56,1
DA:59,1
DA:60,1
DA:61,1
DA:62,1
DA:63,1
DA:64,1
DA:65,1
DA:66,1
DA:70,0
DA:71,0
DA:74,1
DA:75,0
DA:80,1
DA:82,1
DA:83,0
DA:84,0
DA:88,1
DA:89,0
DA:91,0
DA:92,0
DA:93,0
DA:94,0
DA:95,0
DA:98,1
DA:99,0
DA:105,0
DA:106,0
DA:107,0
DA:108,0
DA:109,0
DA:110,0
DA:111,0
DA:115,1
DA:116,1
DA:117,0
DA:118,0
DA:119,0
DA:120,0
DA:123,1
DA:124,0
DA:125,0
DA:126,0
DA:127,0
DA:128,0
DA:129,0
DA:130,0
DA:134,0
DA:140,0
DA:141,0
DA:142,0
DA:143,0
DA:144,0
DA:145,0
DA:146,0
DA:149,1
DA:150,1
DA:151,0
DA:152,0
DA:155,0
DA:158,1
DA:159,0
DA:160,0
DA:161,0
DA:162,0
DA:163,0
DA:164,0
DA:165,0
DA:168,1
DA:170,1
DA:171,0
DA:172,0
DA:173,0
DA:177,0
DA:178,0
DA:179,0
DA:182,1
LF:86
LH:26
BRDA:40,0,0,0
BRDA:40,0,1,0
BRDA:151,1,0,0
BRDA:151,1,1,0
BRF:4
BRH:0
end_of_record
TN:
SF:src\components\Audit\Schedule\Detail\TableDetail.js
FN:14,DefaultColumnFilter
FN:22,(anonymous_1)
FN:25,(anonymous_2)
FN:34,SelectColumnFilter
FN:37,(anonymous_4)
FN:39,(anonymous_5)
FN:50,(anonymous_6)
FN:51,(anonymous_7)
FN:56,(anonymous_8)
FN:66,fuzzyTextFilterFn
FN:67,(anonymous_10)
FN:69,(anonymous_11)
FN:73,(anonymous_12)
FN:77,(anonymous_13)
FN:89,TableDetail
FN:94,(anonymous_15)
FN:111,(anonymous_16)
FN:112,(anonymous_17)
FN:118,(anonymous_18)
FN:125,(anonymous_19)
FN:156,(anonymous_20)
FN:157,(anonymous_21)
FN:173,(anonymous_22)
FN:188,(anonymous_23)
FN:190,(anonymous_24)
FN:219,(anonymous_25)
FN:223,(anonymous_26)
FN:237,(anonymous_27)
FN:245,(anonymous_28)
FN:253,(anonymous_29)
FN:261,(anonymous_30)
FN:277,(anonymous_31)
FN:287,(anonymous_32)
FN:291,(anonymous_33)
FNF:34
FNH:1
FNDA:0,DefaultColumnFilter
FNDA:0,(anonymous_1)
FNDA:0,(anonymous_2)
FNDA:0,SelectColumnFilter
FNDA:0,(anonymous_4)
FNDA:0,(anonymous_5)
FNDA:0,(anonymous_6)
FNDA:0,(anonymous_7)
FNDA:0,(anonymous_8)
FNDA:0,fuzzyTextFilterFn
FNDA:0,(anonymous_10)
FNDA:0,(anonymous_11)
FNDA:0,(anonymous_12)
FNDA:0,(anonymous_13)
FNDA:1,TableDetail
FNDA:0,(anonymous_15)
FNDA:0,(anonymous_16)
FNDA:0,(anonymous_17)
FNDA:0,(anonymous_18)
FNDA:0,(anonymous_19)
FNDA:0,(anonymous_20)
FNDA:0,(anonymous_21)
FNDA:0,(anonymous_22)
FNDA:0,(anonymous_23)
FNDA:0,(anonymous_24)
FNDA:0,(anonymous_25)
FNDA:0,(anonymous_26)
FNDA:0,(anonymous_27)
FNDA:0,(anonymous_28)
FNDA:0,(anonymous_29)
FNDA:0,(anonymous_30)
FNDA:0,(anonymous_31)
FNDA:0,(anonymous_32)
FNDA:0,(anonymous_33)
DA:17,0
DA:19,0
DA:22,0
DA:26,0
DA:37,0
DA:38,0
DA:39,0
DA:40,0
DA:42,0
DA:46,0
DA:50,0
DA:52,0
DA:57,0
DA:67,0
DA:69,1
DA:72,1
DA:74,0
DA:75,0
DA:77,0
DA:78,0
DA:81,0
DA:90,1
DA:91,0
DA:92,0
DA:93,0
DA:94,0
DA:100,0
DA:112,0
DA:119,0
DA:126,0
DA:136,0
DA:154,0
DA:156,0
DA:157,0
DA:160,0
DA:173,0
DA:189,0
DA:191,0
DA:220,0
DA:221,0
DA:224,0
DA:237,0
DA:245,0
DA:253,0
DA:261,0
DA:278,0
DA:279,0
DA:288,0
DA:292,0
LF:49
LH:3
BRDA:24,0,0,0
BRDA:24,0,1,0
BRDA:26,1,0,0
BRDA:26,1,1,0
BRDA:52,2,0,0
BRDA:52,2,1,0
BRDA:75,3,0,0
BRDA:75,3,1,0
BRDA:91,4,0,0
BRDA:91,4,1,0
BRDA:91,5,0,0
BRDA:91,5,1,0
BRDA:92,6,0,0
BRDA:92,6,1,0
BRDA:92,7,0,0
BRDA:92,7,1,0
BRDA:172,8,0,0
BRDA:172,8,1,0
BRDA:203,9,0,0
BRDA:203,9,1,0
BRDA:204,10,0,0
BRDA:204,10,1,0
BRDA:212,11,0,0
BRDA:212,11,1,0
BRDA:278,12,0,0
BRDA:278,12,1,0
BRF:26
BRH:0
end_of_record
TN:
SF:src\components\Audit\Schedule\Detail\Evaluate\Evaluate.js
FN:14,Evaluate
FN:16,(anonymous_1)
FN:20,(anonymous_2)
FN:21,(anonymous_3)
FN:31,(anonymous_4)
FN:37,(anonymous_5)
FN:42,(anonymous_6)
FN:43,(anonymous_7)
FN:55,(anonymous_8)
FN:56,(anonymous_9)
FN:62,(anonymous_10)
FN:71,(anonymous_11)
FN:72,(anonymous_12)
FN:75,(anonymous_13)
FN:105,getResource
FN:110,(anonymous_15)
FN:118,(anonymous_16)
FN:122,(anonymous_17)
FN:130,(anonymous_18)
FN:134,(anonymous_19)
FN:141,(anonymous_20)
FN:151,(anonymous_21)
FN:168,(anonymous_22)
FN:175,(anonymous_23)
FN:185,onSubmitAdd
FN:202,(anonymous_25)
FN:211,(anonymous_26)
FN:223,(anonymous_27)
FN:229,(anonymous_28)
FN:235,onSumbitDeleteRow
FNF:30
FNH:2
FNDA:1,Evaluate
FNDA:1,(anonymous_1)
FNDA:0,(anonymous_2)
FNDA:0,(anonymous_3)
FNDA:0,(anonymous_4)
FNDA:0,(anonymous_5)
FNDA:0,(anonymous_6)
FNDA:0,(anonymous_7)
FNDA:0,(anonymous_8)
FNDA:0,(anonymous_9)
FNDA:0,(anonymous_10)
FNDA:0,(anonymous_11)
FNDA:0,(anonymous_12)
FNDA:0,(anonymous_13)
FNDA:0,getResource
FNDA:0,(anonymous_15)
FNDA:0,(anonymous_16)
FNDA:0,(anonymous_17)
FNDA:0,(anonymous_18)
FNDA:0,(anonymous_19)
FNDA:0,(anonymous_20)
FNDA:0,(anonymous_21)
FNDA:0,(anonymous_22)
FNDA:0,(anonymous_23)
FNDA:0,onSubmitAdd
FNDA:0,(anonymous_25)
FNDA:0,(anonymous_26)
FNDA:0,(anonymous_27)
FNDA:0,(anonymous_28)
FNDA:0,onSumbitDeleteRow
DA:15,1
DA:16,1
DA:20,0
DA:23,0
DA:31,0
DA:37,0
DA:42,0
DA:44,0
DA:55,0
DA:57,0
DA:62,0
DA:71,0
DA:73,0
DA:75,0
DA:89,1
DA:92,1
DA:95,1
DA:96,1
DA:97,1
DA:98,1
DA:99,1
DA:100,1
DA:101,1
DA:102,1
DA:106,0
DA:107,0
DA:110,1
DA:111,0
DA:116,1
DA:118,1
DA:119,0
DA:120,0
DA:122,1
DA:123,0
DA:124,0
DA:128,1
DA:130,1
DA:131,0
DA:132,0
DA:134,1
DA:135,0
DA:136,0
DA:141,1
DA:142,0
DA:144,0
DA:145,0
DA:146,0
DA:147,0
DA:148,0
DA:151,1
DA:152,0
DA:158,0
DA:159,0
DA:160,0
DA:161,0
DA:162,0
DA:163,0
DA:164,0
DA:167,1
DA:168,1
DA:169,0
DA:170,0
DA:171,0
DA:172,0
DA:175,1
DA:176,0
DA:177,0
DA:178,0
DA:179,0
DA:180,0
DA:181,0
DA:182,0
DA:186,0
DA:192,0
DA:193,0
DA:194,0
DA:195,0
DA:196,0
DA:197,0
DA:198,0
DA:201,1
DA:202,1
DA:203,0
DA:204,0
DA:207,0
DA:211,1
DA:212,0
DA:213,0
DA:214,0
DA:215,0
DA:216,0
DA:217,0
DA:218,0
DA:221,1
DA:223,1
DA:224,0
DA:225,0
DA:226,0
DA:229,1
DA:230,0
DA:231,0
DA:232,0
DA:236,0
DA:237,0
DA:238,0
DA:241,1
LF:106
LH:31
BRDA:203,0,0,0
BRDA:203,0,1,0
BRF:2
BRH:0
end_of_record
TN:
SF:src\components\Audit\Schedule\Detail\Evaluate\TableEvaluate.js
FN:13,DefaultColumnFilter
FN:21,(anonymous_1)
FN:24,(anonymous_2)
FN:32,SelectColumnFilter
FN:35,(anonymous_4)
FN:37,(anonymous_5)
FN:48,(anonymous_6)
FN:49,(anonymous_7)
FN:54,(anonymous_8)
FN:64,fuzzyTextFilterFn
FN:65,(anonymous_10)
FN:69,(anonymous_11)
FN:73,(anonymous_12)
FN:77,(anonymous_13)
FN:89,TableEvaluate
FN:93,(anonymous_15)
FN:111,(anonymous_16)
FN:112,(anonymous_17)
FN:118,(anonymous_18)
FN:125,(anonymous_19)
FN:160,(anonymous_20)
FN:161,(anonymous_21)
FN:173,(anonymous_22)
FN:209,(anonymous_23)
FN:211,(anonymous_24)
FN:239,(anonymous_25)
FN:243,(anonymous_26)
FN:258,(anonymous_27)
FN:266,(anonymous_28)
FN:274,(anonymous_29)
FN:282,(anonymous_30)
FN:298,(anonymous_31)
FN:308,(anonymous_32)
FN:312,(anonymous_33)
FNF:34
FNH:9
FNDA:0,DefaultColumnFilter
FNDA:0,(anonymous_1)
FNDA:0,(anonymous_2)
FNDA:0,SelectColumnFilter
FNDA:0,(anonymous_4)
FNDA:0,(anonymous_5)
FNDA:0,(anonymous_6)
FNDA:0,(anonymous_7)
FNDA:0,(anonymous_8)
FNDA:0,fuzzyTextFilterFn
FNDA:0,(anonymous_10)
FNDA:0,(anonymous_11)
FNDA:0,(anonymous_12)
FNDA:0,(anonymous_13)
FNDA:6,TableEvaluate
FNDA:4,(anonymous_15)
FNDA:4,(anonymous_16)
FNDA:2,(anonymous_17)
FNDA:0,(anonymous_18)
FNDA:0,(anonymous_19)
FNDA:0,(anonymous_20)
FNDA:0,(anonymous_21)
FNDA:0,(anonymous_22)
FNDA:2,(anonymous_23)
FNDA:3,(anonymous_24)
FNDA:1,(anonymous_25)
FNDA:2,(anonymous_26)
FNDA:0,(anonymous_27)
FNDA:0,(anonymous_28)
FNDA:0,(anonymous_29)
FNDA:0,(anonymous_30)
FNDA:0,(anonymous_31)
FNDA:0,(anonymous_32)
FNDA:10,(anonymous_33)
DA:16,0
DA:18,0
DA:21,0
DA:25,0
DA:35,0
DA:36,0
DA:37,0
DA:38,0
DA:40,0
DA:44,0
DA:48,0
DA:50,0
DA:55,0
DA:65,0
DA:69,3
DA:72,3
DA:74,0
DA:75,0
DA:77,0
DA:78,0
DA:81,0
DA:90,6
DA:91,4
DA:92,4
DA:93,4
DA:99,4
DA:112,4
DA:119,0
DA:126,0
DA:138,2
DA:158,2
DA:160,2
DA:161,0
DA:165,2
DA:173,0
DA:210,2
DA:212,3
DA:240,1
DA:241,1
DA:244,2
DA:258,0
DA:266,0
DA:274,0
DA:282,0
DA:299,0
DA:300,0
DA:309,0
DA:313,10
LF:48
LH:18
BRDA:23,0,0,0
BRDA:23,0,1,0
BRDA:25,1,0,0
BRDA:25,1,1,0
BRDA:50,2,0,0
BRDA:50,2,1,0
BRDA:75,3,0,0
BRDA:75,3,1,0
BRDA:90,4,0,2
BRDA:90,4,1,4
BRDA:90,5,0,6
BRDA:90,5,1,4
BRDA:91,6,0,0
BRDA:91,6,1,4
BRDA:91,7,0,4
BRDA:91,7,1,4
BRDA:172,8,0,2
BRDA:172,8,1,2
BRDA:224,9,0,0
BRDA:224,9,1,3
BRDA:225,10,0,0
BRDA:225,10,1,0
BRDA:232,11,0,1
BRDA:232,11,1,2
BRDA:299,12,0,0
BRDA:299,12,1,0
BRF:26
BRH:12
end_of_record
TN:
SF:src\components\Audit\Schedule\Detail\Modal\ModalDetailAdd.js
FN:3,ModalDetailAdd
FN:43,(anonymous_1)
FN:64,(anonymous_2)
FN:83,(anonymous_3)
FNF:4
FNH:0
FNDA:0,ModalDetailAdd
FNDA:0,(anonymous_1)
FNDA:0,(anonymous_2)
FNDA:0,(anonymous_3)
DA:20,0
DA:43,0
DA:64,0
DA:83,0
LF:4
LH:0
BRF:0
BRH:0
end_of_record
TN:
SF:src\components\Audit\Schedule\Detail\Search\Search.js
FN:13,Search
FN:15,(anonymous_1)
FN:18,(anonymous_2)
FN:19,(anonymous_3)
FN:24,(anonymous_4)
FN:32,(anonymous_5)
FN:39,(anonymous_6)
FN:61,getResource
FN:66,(anonymous_8)
FN:75,(anonymous_9)
FN:79,(anonymous_10)
FN:87,(anonymous_11)
FN:91,(anonymous_12)
FN:98,(anonymous_13)
FN:107,(anonymous_14)
FN:116,(anonymous_15)
FN:134,(anonymous_16)
FN:141,(anonymous_17)
FN:151,onSubmitAdd
FN:169,(anonymous_19)
FN:177,(anonymous_20)
FN:190,(anonymous_21)
FN:196,(anonymous_22)
FN:202,onSumbitDeleteRow
FNF:24
FNH:2
FNDA:1,Search
FNDA:1,(anonymous_1)
FNDA:0,(anonymous_2)
FNDA:0,(anonymous_3)
FNDA:0,(anonymous_4)
FNDA:0,(anonymous_5)
FNDA:0,(anonymous_6)
FNDA:0,getResource
FNDA:0,(anonymous_8)
FNDA:0,(anonymous_9)
FNDA:0,(anonymous_10)
FNDA:0,(anonymous_11)
FNDA:0,(anonymous_12)
FNDA:0,(anonymous_13)
FNDA:0,(anonymous_14)
FNDA:0,(anonymous_15)
FNDA:0,(anonymous_16)
FNDA:0,(anonymous_17)
FNDA:0,onSubmitAdd
FNDA:0,(anonymous_19)
FNDA:0,(anonymous_20)
FNDA:0,(anonymous_21)
FNDA:0,(anonymous_22)
FNDA:0,onSumbitDeleteRow
DA:14,1
DA:15,1
DA:18,0
DA:19,0
DA:24,0
DA:32,0
DA:39,0
DA:45,1
DA:48,1
DA:51,1
DA:52,1
DA:53,1
DA:54,1
DA:55,1
DA:56,1
DA:57,1
DA:58,1
DA:62,0
DA:63,0
DA:66,1
DA:67,0
DA:73,1
DA:75,1
DA:76,0
DA:77,0
DA:79,1
DA:80,0
DA:81,0
DA:85,1
DA:87,1
DA:88,0
DA:89,0
DA:91,1
DA:92,0
DA:93,0
DA:98,1
DA:99,0
DA:100,0
DA:101,0
DA:102,0
DA:104,0
DA:105,0
DA:107,1
DA:108,0
DA:109,0
DA:110,0
DA:111,0
DA:112,0
DA:113,0
DA:114,0
DA:116,1
DA:117,0
DA:123,0
DA:124,0
DA:125,0
DA:126,0
DA:127,0
DA:128,0
DA:129,0
DA:133,1
DA:134,1
DA:135,0
DA:136,0
DA:137,0
DA:138,0
DA:141,1
DA:142,0
DA:143,0
DA:144,0
DA:145,0
DA:146,0
DA:147,0
DA:148,0
DA:152,0
DA:158,0
DA:159,0
DA:160,0
DA:161,0
DA:162,0
DA:163,0
DA:164,0
DA:168,1
DA:169,1
DA:170,0
DA:171,0
DA:174,0
DA:177,1
DA:178,0
DA:179,0
DA:180,0
DA:181,0
DA:182,0
DA:183,0
DA:184,0
DA:188,1
DA:190,1
DA:191,0
DA:192,0
DA:193,0
DA:196,1
DA:197,0
DA:198,0
DA:199,0
DA:203,0
DA:204,0
DA:205,0
DA:208,1
LF:107
LH:32
BRDA:170,0,0,0
BRDA:170,0,1,0
BRF:2
BRH:0
end_of_record
TN:
SF:src\components\Audit\Schedule\Detail\Search\TableSearch.js
FN:15,DefaultColumnFilter
FN:23,(anonymous_1)
FN:26,(anonymous_2)
FN:35,SelectColumnFilter
FN:38,(anonymous_4)
FN:40,(anonymous_5)
FN:51,(anonymous_6)
FN:52,(anonymous_7)
FN:57,(anonymous_8)
FN:66,fuzzyTextFilterFn
FN:67,(anonymous_10)
FN:70,(anonymous_11)
FN:74,(anonymous_12)
FN:78,(anonymous_13)
FN:90,SearchTable
FN:94,(anonymous_15)
FN:111,(anonymous_16)
FN:112,(anonymous_17)
FN:118,(anonymous_18)
FN:125,(anonymous_19)
FN:158,(anonymous_20)
FN:159,(anonymous_21)
FN:171,(anonymous_22)
FN:198,(anonymous_23)
FN:200,(anonymous_24)
FN:229,(anonymous_25)
FN:233,(anonymous_26)
FN:248,(anonymous_27)
FN:256,(anonymous_28)
FN:264,(anonymous_29)
FN:272,(anonymous_30)
FN:288,(anonymous_31)
FN:298,(anonymous_32)
FN:302,(anonymous_33)
FNF:34
FNH:9
FNDA:0,DefaultColumnFilter
FNDA:0,(anonymous_1)
FNDA:0,(anonymous_2)
FNDA:0,SelectColumnFilter
FNDA:0,(anonymous_4)
FNDA:0,(anonymous_5)
FNDA:0,(anonymous_6)
FNDA:0,(anonymous_7)
FNDA:0,(anonymous_8)
FNDA:0,fuzzyTextFilterFn
FNDA:0,(anonymous_10)
FNDA:0,(anonymous_11)
FNDA:0,(anonymous_12)
FNDA:0,(anonymous_13)
FNDA:6,SearchTable
FNDA:4,(anonymous_15)
FNDA:4,(anonymous_16)
FNDA:2,(anonymous_17)
FNDA:0,(anonymous_18)
FNDA:0,(anonymous_19)
FNDA:0,(anonymous_20)
FNDA:0,(anonymous_21)
FNDA:0,(anonymous_22)
FNDA:2,(anonymous_23)
FNDA:3,(anonymous_24)
FNDA:1,(anonymous_25)
FNDA:2,(anonymous_26)
FNDA:0,(anonymous_27)
FNDA:0,(anonymous_28)
FNDA:0,(anonymous_29)
FNDA:0,(anonymous_30)
FNDA:0,(anonymous_31)
FNDA:0,(anonymous_32)
FNDA:10,(anonymous_33)
DA:18,0
DA:20,0
DA:23,0
DA:27,0
DA:38,0
DA:39,0
DA:40,0
DA:41,0
DA:43,0
DA:47,0
DA:51,0
DA:53,0
DA:58,0
DA:67,0
DA:70,3
DA:73,3
DA:75,0
DA:76,0
DA:78,0
DA:79,0
DA:82,0
DA:91,6
DA:92,4
DA:93,4
DA:94,4
DA:100,4
DA:112,4
DA:119,0
DA:126,0
DA:137,2
DA:156,2
DA:158,2
DA:159,0
DA:163,2
DA:171,0
DA:199,2
DA:201,3
DA:230,1
DA:231,1
DA:234,2
DA:248,0
DA:256,0
DA:264,0
DA:272,0
DA:289,0
DA:290,0
DA:299,0
DA:303,10
LF:48
LH:18
BRDA:25,0,0,0
BRDA:25,0,1,0
BRDA:27,1,0,0
BRDA:27,1,1,0
BRDA:53,2,0,0
BRDA:53,2,1,0
BRDA:76,3,0,0
BRDA:76,3,1,0
BRDA:91,4,0,2
BRDA:91,4,1,4
BRDA:91,5,0,6
BRDA:91,5,1,4
BRDA:92,6,0,0
BRDA:92,6,1,4
BRDA:92,7,0,4
BRDA:92,7,1,4
BRDA:170,8,0,2
BRDA:170,8,1,2
BRDA:213,9,0,0
BRDA:213,9,1,3
BRDA:214,10,0,0
BRDA:214,10,1,0
BRDA:221,11,0,1
BRDA:221,11,1,2
BRDA:289,12,0,0
BRDA:289,12,1,0
BRF:26
BRH:12
end_of_record
